This is pdfTeX, Version 3.141592653-2.6-1.40.22 (TeX Live 2021 Gentoo Linux) (preloaded format=pdflatex 2023.8.23)  21 APR 2026 16:48
entering extended mode
 restricted \write18 enabled.
 %&-line parsing enabled.
**IRC_COMPREHENSIVE_2026-04-20.tex
(./IRC_COMPREHENSIVE_2026-04-20.tex
LaTeX2e <2020-10-01> patch level 4
L3 programming layer <2021-02-18>
(/cvmfs/soft.computecanada.ca/gentoo/2023/x86-64-v3/usr/share/texmf-dist/tex/la
tex/base/article.cls
Document Class: article 2020/04/10 v1.4m Standard LaTeX document class

(/cvmfs/soft.computecanada.ca/gentoo/2023/x86-64-v3/usr/share/texmf-dist/tex/la
tex/base/size11.clo
File: size11.clo 2020/04/10 v1.4m Standard LaTeX file (size option)
)
\c@part=\count179
\c@section=\count180
\c@subsection=\count181
\c@subsubsection=\count182
\c@paragraph=\count183
\c@subparagraph=\count184
\c@figure=\count185
\c@table=\count186
\abovecaptionskip=\skip47
\belowcaptionskip=\skip48
\bibindent=\dimen138
)
(/cvmfs/soft.computecanada.ca/gentoo/2023/x86-64-v3/usr/share/texmf-dist/tex/la
tex/geometry/geometry.sty
Package: geometry 2020/01/02 v5.9 Page Geometry

(/cvmfs/soft.computecanada.ca/gentoo/2023/x86-64-v3/usr/share/texmf-dist/tex/la
tex/graphics/keyval.sty
Package: keyval 2014/10/28 v1.15 key=value parser (DPC)
\KV@toks@=\toks15
)
(/cvmfs/soft.computecanada.ca/gentoo/2023/x86-64-v3/usr/share/texmf-dist/tex/ge
neric/iftex/ifvtex.sty
Package: ifvtex 2019/10/25 v1.7 ifvtex legacy package. Use iftex instead.

(/cvmfs/soft.computecanada.ca/gentoo/2023/x86-64-v3/usr/share/texmf-dist/tex/ge
neric/iftex/iftex.sty
Package: iftex 2020/03/06 v1.0d TeX engine tests
))
\Gm@cnth=\count187
\Gm@cntv=\count188
\c@Gm@tempcnt=\count189
\Gm@bindingoffset=\dimen139
\Gm@wd@mp=\dimen140
\Gm@odd@mp=\dimen141
\Gm@even@mp=\dimen142
\Gm@layoutwidth=\dimen143
\Gm@layoutheight=\dimen144
\Gm@layouthoffset=\dimen145
\Gm@layoutvoffset=\dimen146
\Gm@dimlist=\toks16
)
(/cvmfs/soft.computecanada.ca/gentoo/2023/x86-64-v3/usr/share/texmf-dist/tex/la
tex/booktabs/booktabs.sty
Package: booktabs 2020/01/12 v1.61803398 Publication quality tables
\heavyrulewidth=\dimen147
\lightrulewidth=\dimen148
\cmidrulewidth=\dimen149
\belowrulesep=\dimen150
\belowbottomsep=\dimen151
\aboverulesep=\dimen152
\abovetopsep=\dimen153
\cmidrulesep=\dimen154
\cmidrulekern=\dimen155
\defaultaddspace=\dimen156
\@cmidla=\count190
\@cmidlb=\count191
\@aboverulesep=\dimen157
\@belowrulesep=\dimen158
\@thisruleclass=\count192
\@lastruleclass=\count193
\@thisrulewidth=\dimen159
)
(/cvmfs/soft.computecanada.ca/gentoo/2023/x86-64-v3/usr/share/texmf-dist/tex/la
tex/tools/array.sty
Package: array 2020/10/01 v2.5c Tabular extension package (FMi)
\col@sep=\dimen160
\ar@mcellbox=\box47
\extrarowheight=\dimen161
\NC@list=\toks17
\extratabsurround=\skip49
\backup@length=\skip50
\ar@cellbox=\box48
)
(/cvmfs/soft.computecanada.ca/gentoo/2023/x86-64-v3/usr/share/texmf-dist/tex/la
tex/multirow/multirow.sty
Package: multirow 2021/03/15 v2.8 Span multiple rows of a table
\multirow@colwidth=\skip51
\multirow@cntb=\count194
\multirow@dima=\skip52
\bigstrutjot=\dimen162
)
(/cvmfs/soft.computecanada.ca/gentoo/2023/x86-64-v3/usr/share/texmf-dist/tex/la
tex/amsmath/amsmath.sty
Package: amsmath 2020/09/23 v2.17i AMS math features
\@mathmargin=\skip53

For additional information on amsmath, use the `?' option.

(/cvmfs/soft.computecanada.ca/gentoo/2023/x86-64-v3/usr/share/texmf-dist/tex/la
tex/amsmath/amstext.sty
Package: amstext 2000/06/29 v2.01 AMS text

(/cvmfs/soft.computecanada.ca/gentoo/2023/x86-64-v3/usr/share/texmf-dist/tex/la
tex/amsmath/amsgen.sty
File: amsgen.sty 1999/11/30 v2.0 generic functions
\@emptytoks=\toks18
\ex@=\dimen163
))
(/cvmfs/soft.computecanada.ca/gentoo/2023/x86-64-v3/usr/share/texmf-dist/tex/la
tex/amsmath/amsbsy.sty
Package: amsbsy 1999/11/29 v1.2d Bold Symbols
\pmbraise@=\dimen164
)
(/cvmfs/soft.computecanada.ca/gentoo/2023/x86-64-v3/usr/share/texmf-dist/tex/la
tex/amsmath/amsopn.sty
Package: amsopn 2016/03/08 v2.02 operator names
)
\inf@bad=\count195
LaTeX Info: Redefining \frac on input line 234.
\uproot@=\count196
\leftroot@=\count197
LaTeX Info: Redefining \overline on input line 399.
\classnum@=\count198
\DOTSCASE@=\count199
LaTeX Info: Redefining \ldots on input line 496.
LaTeX Info: Redefining \dots on input line 499.
LaTeX Info: Redefining \cdots on input line 620.
\Mathstrutbox@=\box49
\strutbox@=\box50
\big@size=\dimen165
LaTeX Font Info:    Redeclaring font encoding OML on input line 743.
LaTeX Font Info:    Redeclaring font encoding OMS on input line 744.
\macc@depth=\count266
\c@MaxMatrixCols=\count267
\dotsspace@=\muskip16
\c@parentequation=\count268
\dspbrk@lvl=\count269
\tag@help=\toks19
\row@=\count270
\column@=\count271
\maxfields@=\count272
\andhelp@=\toks20
\eqnshift@=\dimen166
\alignsep@=\dimen167
\tagshift@=\dimen168
\tagwidth@=\dimen169
\totwidth@=\dimen170
\lineht@=\dimen171
\@envbody=\toks21
\multlinegap=\skip54
\multlinetaggap=\skip55
\mathdisplay@stack=\toks22
LaTeX Info: Redefining \[ on input line 2923.
LaTeX Info: Redefining \] on input line 2924.
)
(/cvmfs/soft.computecanada.ca/gentoo/2023/x86-64-v3/usr/share/texmf-dist/tex/la
tex/amsfonts/amssymb.sty
Package: amssymb 2013/01/14 v3.01 AMS font symbols

(/cvmfs/soft.computecanada.ca/gentoo/2023/x86-64-v3/usr/share/texmf-dist/tex/la
tex/amsfonts/amsfonts.sty
Package: amsfonts 2013/01/14 v3.01 Basic AMSFonts support
\symAMSa=\mathgroup4
\symAMSb=\mathgroup5
LaTeX Font Info:    Redeclaring math symbol \hbar on input line 98.
LaTeX Font Info:    Overwriting math alphabet `\mathfrak' in version `bold'
(Font)                  U/euf/m/n --> U/euf/b/n on input line 106.
))
(/cvmfs/soft.computecanada.ca/gentoo/2023/x86-64-v3/usr/share/texmf-dist/tex/la
tex/graphics/graphicx.sty
Package: graphicx 2020/09/09 v1.2b Enhanced LaTeX Graphics (DPC,SPQR)

(/cvmfs/soft.computecanada.ca/gentoo/2023/x86-64-v3/usr/share/texmf-dist/tex/la
tex/graphics/graphics.sty
Package: graphics 2020/08/30 v1.4c Standard LaTeX Graphics (DPC,SPQR)

(/cvmfs/soft.computecanada.ca/gentoo/2023/x86-64-v3/usr/share/texmf-dist/tex/la
tex/graphics/trig.sty
Package: trig 2016/01/03 v1.10 sin cos tan (DPC)
)
(/cvmfs/soft.computecanada.ca/gentoo/2023/x86-64-v3/usr/share/texmf-dist/tex/la
tex/graphics-cfg/graphics.cfg
File: graphics.cfg 2016/06/04 v1.11 sample graphics configuration
)
Package graphics Info: Driver file: pdftex.def on input line 105.

(/cvmfs/soft.computecanada.ca/gentoo/2023/x86-64-v3/usr/share/texmf-dist/tex/la
tex/graphics-def/pdftex.def
File: pdftex.def 2020/10/05 v1.2a Graphics/color driver for pdftex
))
\Gin@req@height=\dimen172
\Gin@req@width=\dimen173
)
(/cvmfs/soft.computecanada.ca/gentoo/2023/x86-64-v3/usr/share/texmf-dist/tex/la
tex/caption/caption.sty
Package: caption 2020/10/26 v3.5g Customizing captions (AR)

(/cvmfs/soft.computecanada.ca/gentoo/2023/x86-64-v3/usr/share/texmf-dist/tex/la
tex/caption/caption3.sty
Package: caption3 2020/10/21 v2.2e caption3 kernel (AR)
\captionmargin=\dimen174
\captionmargin@=\dimen175
\captionwidth=\dimen176
\caption@tempdima=\dimen177
\caption@indent=\dimen178
\caption@parindent=\dimen179
\caption@hangindent=\dimen180
Package caption Info: Standard document class detected.
)
\c@caption@flags=\count273
\c@continuedfloat=\count274
)
(/cvmfs/soft.computecanada.ca/gentoo/2023/x86-64-v3/usr/share/texmf-dist/tex/la
tex/enumitem/enumitem.sty
Package: enumitem 2019/06/20 v3.9 Customized lists
\labelindent=\skip56
\enit@outerparindent=\dimen181
\enit@toks=\toks23
\enit@inbox=\box51
\enit@count@id=\count275
\enitdp@description=\count276
)
(/cvmfs/soft.computecanada.ca/gentoo/2023/x86-64-v3/usr/share/texmf-dist/tex/la
tex/xcolor/xcolor.sty
Package: xcolor 2016/05/11 v2.12 LaTeX color extensions (UK)

(/cvmfs/soft.computecanada.ca/gentoo/2023/x86-64-v3/usr/share/texmf-dist/tex/la
tex/graphics-cfg/color.cfg
File: color.cfg 2016/01/02 v1.6 sample color configuration
)
Package xcolor Info: Driver file: pdftex.def on input line 225.
Package xcolor Info: Model `cmy' substituted by `cmy0' on input line 1348.
Package xcolor Info: Model `hsb' substituted by `rgb' on input line 1352.
Package xcolor Info: Model `RGB' extended on input line 1364.
Package xcolor Info: Model `HTML' substituted by `rgb' on input line 1366.
Package xcolor Info: Model `Hsb' substituted by `hsb' on input line 1367.
Package xcolor Info: Model `tHsb' substituted by `hsb' on input line 1368.
Package xcolor Info: Model `HSB' substituted by `hsb' on input line 1369.
Package xcolor Info: Model `Gray' substituted by `gray' on input line 1370.
Package xcolor Info: Model `wave' substituted by `hsb' on input line 1371.
)
(/cvmfs/soft.computecanada.ca/gentoo/2023/x86-64-v3/usr/share/texmf-dist/tex/la
tex/hyperref/hyperref.sty
Package: hyperref 2021-02-27 v7.00k Hypertext links for LaTeX

(/cvmfs/soft.computecanada.ca/gentoo/2023/x86-64-v3/usr/share/texmf-dist/tex/ge
neric/ltxcmds/ltxcmds.sty
Package: ltxcmds 2020-05-10 v1.25 LaTeX kernel commands for general use (HO)
)
(/cvmfs/soft.computecanada.ca/gentoo/2023/x86-64-v3/usr/share/texmf-dist/tex/ge
neric/pdftexcmds/pdftexcmds.sty
Package: pdftexcmds 2020-06-27 v0.33 Utility functions of pdfTeX for LuaTeX (HO
)

(/cvmfs/soft.computecanada.ca/gentoo/2023/x86-64-v3/usr/share/texmf-dist/tex/ge
neric/infwarerr/infwarerr.sty
Package: infwarerr 2019/12/03 v1.5 Providing info/warning/error messages (HO)
)
Package pdftexcmds Info: \pdf@primitive is available.
Package pdftexcmds Info: \pdf@ifprimitive is available.
Package pdftexcmds Info: \pdfdraftmode found.
)
(/cvmfs/soft.computecanada.ca/gentoo/2023/x86-64-v3/usr/share/texmf-dist/tex/ge
neric/kvsetkeys/kvsetkeys.sty
Package: kvsetkeys 2019/12/15 v1.18 Key value parser (HO)
)
(/cvmfs/soft.computecanada.ca/gentoo/2023/x86-64-v3/usr/share/texmf-dist/tex/ge
neric/kvdefinekeys/kvdefinekeys.sty
Package: kvdefinekeys 2019-12-19 v1.6 Define keys (HO)
)
(/cvmfs/soft.computecanada.ca/gentoo/2023/x86-64-v3/usr/share/texmf-dist/tex/ge
neric/pdfescape/pdfescape.sty
Package: pdfescape 2019/12/09 v1.15 Implements pdfTeX's escape features (HO)
)
(/cvmfs/soft.computecanada.ca/gentoo/2023/x86-64-v3/usr/share/texmf-dist/tex/la
tex/hycolor/hycolor.sty
Package: hycolor 2020-01-27 v1.10 Color options for hyperref/bookmark (HO)
)
(/cvmfs/soft.computecanada.ca/gentoo/2023/x86-64-v3/usr/share/texmf-dist/tex/la
tex/letltxmacro/letltxmacro.sty
Package: letltxmacro 2019/12/03 v1.6 Let assignment for LaTeX macros (HO)
)
(/cvmfs/soft.computecanada.ca/gentoo/2023/x86-64-v3/usr/share/texmf-dist/tex/la
tex/auxhook/auxhook.sty
Package: auxhook 2019-12-17 v1.6 Hooks for auxiliary files (HO)
)
(/cvmfs/soft.computecanada.ca/gentoo/2023/x86-64-v3/usr/share/texmf-dist/tex/la
tex/kvoptions/kvoptions.sty
Package: kvoptions 2020-10-07 v3.14 Key value format for package options (HO)
)
\@linkdim=\dimen182
\Hy@linkcounter=\count277
\Hy@pagecounter=\count278

(/cvmfs/soft.computecanada.ca/gentoo/2023/x86-64-v3/usr/share/texmf-dist/tex/la
tex/hyperref/pd1enc.def
File: pd1enc.def 2021-02-27 v7.00k Hyperref: PDFDocEncoding definition (HO)
Now handling font encoding PD1 ...
... no UTF-8 mapping file for font encoding PD1
)
(/cvmfs/soft.computecanada.ca/gentoo/2023/x86-64-v3/usr/share/texmf-dist/tex/la
tex/hyperref/hyperref-langpatches.def
File: hyperref-langpatches.def 2021-02-27 v7.00k Hyperref: patches for babel la
nguages
)
(/cvmfs/soft.computecanada.ca/gentoo/2023/x86-64-v3/usr/share/texmf-dist/tex/ge
neric/intcalc/intcalc.sty
Package: intcalc 2019/12/15 v1.3 Expandable calculations with integers (HO)
)
(/cvmfs/soft.computecanada.ca/gentoo/2023/x86-64-v3/usr/share/texmf-dist/tex/ge
neric/etexcmds/etexcmds.sty
Package: etexcmds 2019/12/15 v1.7 Avoid name clashes with e-TeX commands (HO)
)
\Hy@SavedSpaceFactor=\count279

(/cvmfs/soft.computecanada.ca/gentoo/2023/x86-64-v3/usr/share/texmf-dist/tex/la
tex/hyperref/puenc.def
File: puenc.def 2021-02-27 v7.00k Hyperref: PDF Unicode definition (HO)
Now handling font encoding PU ...
... no UTF-8 mapping file for font encoding PU
)
Package hyperref Info: Hyper figures OFF on input line 4192.
Package hyperref Info: Link nesting OFF on input line 4197.
Package hyperref Info: Hyper index ON on input line 4200.
Package hyperref Info: Plain pages OFF on input line 4207.
Package hyperref Info: Backreferencing OFF on input line 4212.
Package hyperref Info: Implicit mode ON; LaTeX internals redefined.
Package hyperref Info: Bookmarks ON on input line 4445.
\c@Hy@tempcnt=\count280

(/cvmfs/soft.computecanada.ca/gentoo/2023/x86-64-v3/usr/share/texmf-dist/tex/la
tex/url/url.sty
\Urlmuskip=\muskip17
Package: url 2013/09/16  ver 3.4  Verb mode for urls, etc.
)
LaTeX Info: Redefining \url on input line 4804.
\XeTeXLinkMargin=\dimen183

(/cvmfs/soft.computecanada.ca/gentoo/2023/x86-64-v3/usr/share/texmf-dist/tex/ge
neric/bitset/bitset.sty
Package: bitset 2019/12/09 v1.3 Handle bit-vector datatype (HO)

(/cvmfs/soft.computecanada.ca/gentoo/2023/x86-64-v3/usr/share/texmf-dist/tex/ge
neric/bigintcalc/bigintcalc.sty
Package: bigintcalc 2019/12/15 v1.5 Expandable calculations on big integers (HO
)
))
\Fld@menulength=\count281
\Field@Width=\dimen184
\Fld@charsize=\dimen185
Package hyperref Info: Hyper figures OFF on input line 6075.
Package hyperref Info: Link nesting OFF on input line 6080.
Package hyperref Info: Hyper index ON on input line 6083.
Package hyperref Info: backreferencing OFF on input line 6090.
Package hyperref Info: Link coloring OFF on input line 6095.
Package hyperref Info: Link coloring with OCG OFF on input line 6100.
Package hyperref Info: PDF/A mode OFF on input line 6105.
LaTeX Info: Redefining \ref on input line 6145.
LaTeX Info: Redefining \pageref on input line 6149.

(/cvmfs/soft.computecanada.ca/gentoo/2023/x86-64-v3/usr/share/texmf-dist/tex/la
tex/base/atbegshi-ltx.sty
Package: atbegshi-ltx 2020/08/17 v1.0a Emulation of the original atbegshi packa
ge
with kernel methods
)
\Hy@abspage=\count282
\c@Item=\count283
\c@Hfootnote=\count284
)
Package hyperref Info: Driver (autodetected): hpdftex.

(/cvmfs/soft.computecanada.ca/gentoo/2023/x86-64-v3/usr/share/texmf-dist/tex/la
tex/hyperref/hpdftex.def
File: hpdftex.def 2021-02-27 v7.00k Hyperref driver for pdfTeX

(/cvmfs/soft.computecanada.ca/gentoo/2023/x86-64-v3/usr/share/texmf-dist/tex/la
tex/base/atveryend-ltx.sty
Package: atveryend-ltx 2020/08/19 v1.0a Emulation of the original atvery packag
e
with kernel methods
)
\Fld@listcount=\count285
\c@bookmark@seq@number=\count286

(/cvmfs/soft.computecanada.ca/gentoo/2023/x86-64-v3/usr/share/texmf-dist/tex/la
tex/rerunfilecheck/rerunfilecheck.sty
Package: rerunfilecheck 2019/12/05 v1.9 Rerun checks for auxiliary files (HO)

(/cvmfs/soft.computecanada.ca/gentoo/2023/x86-64-v3/usr/share/texmf-dist/tex/ge
neric/uniquecounter/uniquecounter.sty
Package: uniquecounter 2019/12/15 v1.4 Provide unlimited unique counter (HO)
)
Package uniquecounter Info: New unique counter `rerunfilecheck' on input line 2
86.
)
\Hy@SectionHShift=\skip57
)
(/cvmfs/soft.computecanada.ca/gentoo/2023/x86-64-v3/usr/share/texmf-dist/tex/la
tex/caption/subcaption.sty
Package: subcaption 2020/10/07 v1.3j Sub-captions (AR)
\c@subfigure=\count287
\c@subtable=\count288
)
(/cvmfs/soft.computecanada.ca/gentoo/2023/x86-64-v3/usr/share/texmf-dist/tex/la
tex/float/float.sty
Package: float 2001/11/08 v1.3d Float enhancements (AL)
\c@float@type=\count289
\float@exts=\toks24
\float@box=\box52
\@float@everytoks=\toks25
\@floatcapt=\box53
)
(/cvmfs/soft.computecanada.ca/gentoo/2023/x86-64-v3/usr/share/texmf-dist/tex/la
tex/placeins/placeins.sty
Package: placeins 2005/04/18  v 2.2
)
Package hyperref Info: Option `colorlinks' set `true' on input line 23.

(/cvmfs/soft.computecanada.ca/gentoo/2023/x86-64-v3/usr/share/texmf-dist/tex/la
tex/l3backend/l3backend-pdftex.def
File: l3backend-pdftex.def 2021-03-18 L3 backend support: PDF output (pdfTeX)
\l__color_backend_stack_int=\count290
\l__pdf_internal_box=\box54
) (./IRC_COMPREHENSIVE_2026-04-20.aux)
\openout1 = `IRC_COMPREHENSIVE_2026-04-20.aux'.

LaTeX Font Info:    Checking defaults for OML/cmm/m/it on input line 31.
LaTeX Font Info:    ... okay on input line 31.
LaTeX Font Info:    Checking defaults for OMS/cmsy/m/n on input line 31.
LaTeX Font Info:    ... okay on input line 31.
LaTeX Font Info:    Checking defaults for OT1/cmr/m/n on input line 31.
LaTeX Font Info:    ... okay on input line 31.
LaTeX Font Info:    Checking defaults for T1/cmr/m/n on input line 31.
LaTeX Font Info:    ... okay on input line 31.
LaTeX Font Info:    Checking defaults for TS1/cmr/m/n on input line 31.
LaTeX Font Info:    ... okay on input line 31.
LaTeX Font Info:    Checking defaults for OMX/cmex/m/n on input line 31.
LaTeX Font Info:    ... okay on input line 31.
LaTeX Font Info:    Checking defaults for U/cmr/m/n on input line 31.
LaTeX Font Info:    ... okay on input line 31.
LaTeX Font Info:    Checking defaults for PD1/pdf/m/n on input line 31.
LaTeX Font Info:    ... okay on input line 31.
LaTeX Font Info:    Checking defaults for PU/pdf/m/n on input line 31.
LaTeX Font Info:    ... okay on input line 31.

*geometry* driver: auto-detecting
*geometry* detected driver: pdftex
*geometry* verbose mode - [ preamble ] result:
* driver: pdftex
* paper: <default>
* layout: <same size as paper>
* layoutoffset:(h,v)=(0.0pt,0.0pt)
* modes: 
* h-part:(L,W,R)=(61.42993pt, 491.43513pt, 61.42993pt)
* v-part:(T,H,B)=(61.42993pt, 672.11012pt, 61.42993pt)
* \paperwidth=614.295pt
* \paperheight=794.96999pt
* \textwidth=491.43513pt
* \textheight=672.11012pt
* \oddsidemargin=-10.84006pt
* \evensidemargin=-10.84006pt
* \topmargin=-47.84006pt
* \headheight=12.0pt
* \headsep=25.0pt
* \topskip=11.0pt
* \footskip=30.0pt
* \marginparwidth=59.0pt
* \marginparsep=10.0pt
* \columnsep=10.0pt
* \skip\footins=10.0pt plus 4.0pt minus 2.0pt
* \hoffset=0.0pt
* \voffset=0.0pt
* \mag=1000
* \@twocolumnfalse
* \@twosidefalse
* \@mparswitchfalse
* \@reversemarginfalse
* (1in=72.27pt=25.4mm, 1cm=28.453pt)


(/cvmfs/soft.computecanada.ca/gentoo/2023/x86-64-v3/usr/share/texmf-dist/tex/co
ntext/base/mkii/supp-pdf.mkii
[Loading MPS to PDF converter (version 2006.09.02).]
\scratchcounter=\count291
\scratchdimen=\dimen186
\scratchbox=\box55
\nofMPsegments=\count292
\nofMParguments=\count293
\everyMPshowfont=\toks26
\MPscratchCnt=\count294
\MPscratchDim=\dimen187
\MPnumerator=\count295
\makeMPintoPDFobject=\count296
\everyMPtoPDFconversion=\toks27
)
(/cvmfs/soft.computecanada.ca/gentoo/2023/x86-64-v3/usr/share/texmf-dist/tex/la
tex/epstopdf-pkg/epstopdf-base.sty
Package: epstopdf-base 2020-01-24 v2.11 Base part for package epstopdf
Package epstopdf-base Info: Redefining graphics rule for `.eps' on input line 4
85.

(/cvmfs/soft.computecanada.ca/gentoo/2023/x86-64-v3/usr/share/texmf-dist/tex/la
tex/latexconfig/epstopdf-sys.cfg
File: epstopdf-sys.cfg 2010/07/13 v1.3 Configuration of (r)epstopdf for TeX Liv
e
))
Package caption Info: Begin \AtBeginDocument code.
Package caption Info: float package is loaded.
Package caption Info: hyperref package is loaded.
Package caption Info: End \AtBeginDocument code.
Package hyperref Info: Link coloring ON on input line 31.

(/cvmfs/soft.computecanada.ca/gentoo/2023/x86-64-v3/usr/share/texmf-dist/tex/la
tex/hyperref/nameref.sty
Package: nameref 2021-04-02 v2.47 Cross-referencing by name of section

(/cvmfs/soft.computecanada.ca/gentoo/2023/x86-64-v3/usr/share/texmf-dist/tex/la
tex/refcount/refcount.sty
Package: refcount 2019/12/15 v3.6 Data extraction from label references (HO)
)
(/cvmfs/soft.computecanada.ca/gentoo/2023/x86-64-v3/usr/share/texmf-dist/tex/ge
neric/gettitlestring/gettitlestring.sty
Package: gettitlestring 2019/12/15 v1.6 Cleanup title references (HO)
)
\c@section@level=\count297
)
LaTeX Info: Redefining \ref on input line 31.
LaTeX Info: Redefining \pageref on input line 31.
LaTeX Info: Redefining \nameref on input line 31.
 (./IRC_COMPREHENSIVE_2026-04-20.out)
(./IRC_COMPREHENSIVE_2026-04-20.out)
\@outlinefile=\write3
\openout3 = `IRC_COMPREHENSIVE_2026-04-20.out'.

LaTeX Font Info:    Trying to load font information for U+msa on input line 33.


(/cvmfs/soft.computecanada.ca/gentoo/2023/x86-64-v3/usr/share/texmf-dist/tex/la
tex/amsfonts/umsa.fd
File: umsa.fd 2013/01/14 v3.01 AMS symbols A
)
LaTeX Font Info:    Trying to load font information for U+msb on input line 33.


(/cvmfs/soft.computecanada.ca/gentoo/2023/x86-64-v3/usr/share/texmf-dist/tex/la
tex/amsfonts/umsb.fd
File: umsb.fd 2013/01/14 v3.01 AMS symbols B
) (./IRC_COMPREHENSIVE_2026-04-20.toc)
\tf@toc=\write4
\openout4 = `IRC_COMPREHENSIVE_2026-04-20.toc'.

 [1

{/cvmfs/soft.computecanada.ca/gentoo/2023/x86-64-v3/var/lib/texmf/fonts/map/pdf
tex/updmap/pdftex.map}] [2]
<figures/fig_cmp_conv_5methods.pdf, id=106, 559.40868pt x 335.25299pt>
File: figures/fig_cmp_conv_5methods.pdf Graphic file (type pdf)
<use figures/fig_cmp_conv_5methods.pdf>
Package pdftex.def Info: figures/fig_cmp_conv_5methods.pdf  used on input line 
132.
(pdftex.def)             Requested size: 243.25798pt x 145.78271pt.
<figures/fig_cmp_irc_topo_5methods.pdf, id=107, 559.40868pt x 335.25299pt>
File: figures/fig_cmp_irc_topo_5methods.pdf Graphic file (type pdf)
<use figures/fig_cmp_irc_topo_5methods.pdf>
Package pdftex.def Info: figures/fig_cmp_irc_topo_5methods.pdf  used on input l
ine 140.
(pdftex.def)             Requested size: 243.25798pt x 145.78271pt.
 [3

 <./figures/fig_cmp_conv_5methods.pdf> <./figures/fig_cmp_irc_topo_5methods.pdf
>] [4]
<figures/fig_method_gad_eckart_conv_line.pdf, id=221, 404.513pt x 296.29948pt>
File: figures/fig_method_gad_eckart_conv_line.pdf Graphic file (type pdf)
<use figures/fig_method_gad_eckart_conv_line.pdf>
Package pdftex.def Info: figures/fig_method_gad_eckart_conv_line.pdf  used on i
nput line 219.
(pdftex.def)             Requested size: 243.25798pt x 178.18796pt.
<figures/fig_method_gad_eckart_irc_bars_topo.pdf, id=222, 402.58278pt x 296.299
48pt>
File: figures/fig_method_gad_eckart_irc_bars_topo.pdf Graphic file (type pdf)
<use figures/fig_method_gad_eckart_irc_bars_topo.pdf>
Package pdftex.def Info: figures/fig_method_gad_eckart_irc_bars_topo.pdf  used 
on input line 224.
(pdftex.def)             Requested size: 243.25798pt x 179.03793pt.
LaTeX Font Info:    Font shape `OT1/cmtt/bx/n' in size <10> not available
(Font)              Font shape `OT1/cmtt/m/n' tried instead on input line 230.
<figures/fig_method_gad_no_eckart_conv_line.pdf, id=223, 404.513pt x 296.29948p
t>
File: figures/fig_method_gad_no_eckart_conv_line.pdf Graphic file (type pdf)
<use figures/fig_method_gad_no_eckart_conv_line.pdf>
Package pdftex.def Info: figures/fig_method_gad_no_eckart_conv_line.pdf  used o
n input line 236.
(pdftex.def)             Requested size: 243.25798pt x 178.18796pt.
<figures/fig_method_gad_no_eckart_irc_bars_topo.pdf, id=224, 402.58278pt x 296.
29948pt>
File: figures/fig_method_gad_no_eckart_irc_bars_topo.pdf Graphic file (type pdf
)
<use figures/fig_method_gad_no_eckart_irc_bars_topo.pdf>
Package pdftex.def Info: figures/fig_method_gad_no_eckart_irc_bars_topo.pdf  us
ed on input line 241.
(pdftex.def)             Requested size: 243.25798pt x 179.03793pt.
<figures/fig_method_sella_carte_2k_conv_line.pdf, id=225, 402.58278pt x 296.299
48pt>
File: figures/fig_method_sella_carte_2k_conv_line.pdf Graphic file (type pdf)
<use figures/fig_method_sella_carte_2k_conv_line.pdf>
Package pdftex.def Info: figures/fig_method_sella_carte_2k_conv_line.pdf  used 
on input line 251.
(pdftex.def)             Requested size: 243.25798pt x 179.03793pt.
<figures/fig_method_sella_carte_2k_irc_bars_topo.pdf, id=226, 402.58278pt x 296
.29948pt>
File: figures/fig_method_sella_carte_2k_irc_bars_topo.pdf Graphic file (type pd
f)
<use figures/fig_method_sella_carte_2k_irc_bars_topo.pdf>
Package pdftex.def Info: figures/fig_method_sella_carte_2k_irc_bars_topo.pdf  u
sed on input line 256.
(pdftex.def)             Requested size: 243.25798pt x 179.03793pt.
 [5

 <./figures/fig_method_gad_eckart_conv_line.pdf> <./figures/fig_method_gad_ecka
rt_irc_bars_topo.pdf> <./figures/fig_method_gad_no_eckart_conv_line.pdf> <./fig
ures/fig_method_gad_no_eckart_irc_bars_topo.pdf>]
<figures/fig_method_sella_cart_2k_conv_line.pdf, id=427, 402.58278pt x 296.2994
8pt>
File: figures/fig_method_sella_cart_2k_conv_line.pdf Graphic file (type pdf)
<use figures/fig_method_sella_cart_2k_conv_line.pdf>
Package pdftex.def Info: figures/fig_method_sella_cart_2k_conv_line.pdf  used o
n input line 265.
(pdftex.def)             Requested size: 243.25798pt x 179.03793pt.
<figures/fig_method_sella_cart_2k_irc_bars_topo.pdf, id=428, 402.58278pt x 296.
29948pt>
File: figures/fig_method_sella_cart_2k_irc_bars_topo.pdf Graphic file (type pdf
)
<use figures/fig_method_sella_cart_2k_irc_bars_topo.pdf>
Package pdftex.def Info: figures/fig_method_sella_cart_2k_irc_bars_topo.pdf  us
ed on input line 270.
(pdftex.def)             Requested size: 243.25798pt x 179.03793pt.
<figures/fig_method_sella_int_2k_conv_line.pdf, id=429, 402.58278pt x 296.29948
pt>
File: figures/fig_method_sella_int_2k_conv_line.pdf Graphic file (type pdf)
<use figures/fig_method_sella_int_2k_conv_line.pdf>
Package pdftex.def Info: figures/fig_method_sella_int_2k_conv_line.pdf  used on
 input line 279.
(pdftex.def)             Requested size: 243.25798pt x 179.03793pt.
<figures/fig_method_sella_int_2k_irc_bars_topo.pdf, id=430, 402.58278pt x 296.2
9948pt>
File: figures/fig_method_sella_int_2k_irc_bars_topo.pdf Graphic file (type pdf)

<use figures/fig_method_sella_int_2k_irc_bars_topo.pdf>
Package pdftex.def Info: figures/fig_method_sella_int_2k_irc_bars_topo.pdf  use
d on input line 284.
(pdftex.def)             Requested size: 243.25798pt x 179.03793pt.
 [6 <./figures/fig_method_sella_carte_2k_conv_line.pdf> <./figures/fig_method_s
ella_carte_2k_irc_bars_topo.pdf> <./figures/fig_method_sella_cart_2k_conv_line.
pdf> <./figures/fig_method_sella_cart_2k_irc_bars_topo.pdf>] [7 <./figures/fig_
method_sella_int_2k_conv_line.pdf> <./figures/fig_method_sella_int_2k_irc_bars_
topo.pdf>] [8

]
LaTeX Font Info:    Trying to load font information for OMS+cmr on input line 3
65.

(/cvmfs/soft.computecanada.ca/gentoo/2023/x86-64-v3/usr/share/texmf-dist/tex/la
tex/base/omscmr.fd
File: omscmr.fd 2019/12/16 v2.5j Standard LaTeX font definitions
)
LaTeX Font Info:    Font shape `OMS/cmr/m/n' in size <10.95> not available
(Font)              Font shape `OMS/cmsy/m/n' tried instead on input line 365.
<figures/fig_gate_vs_irc_gad_eckart.pdf, id=733, 587.26427pt x 312.99384pt>
File: figures/fig_gate_vs_irc_gad_eckart.pdf Graphic file (type pdf)
<use figures/fig_gate_vs_irc_gad_eckart.pdf>
Package pdftex.def Info: figures/fig_gate_vs_irc_gad_eckart.pdf  used on input 
line 371.
(pdftex.def)             Requested size: 235.88676pt x 125.72066pt.
<figures/fig_gate_vs_irc_gad_no_eckart.pdf, id=734, 587.26427pt x 312.99384pt>
File: figures/fig_gate_vs_irc_gad_no_eckart.pdf Graphic file (type pdf)
<use figures/fig_gate_vs_irc_gad_no_eckart.pdf>
Package pdftex.def Info: figures/fig_gate_vs_irc_gad_no_eckart.pdf  used on inp
ut line 376.
(pdftex.def)             Requested size: 235.88676pt x 125.72066pt.
<figures/fig_gate_vs_irc_sella_carte_2k.pdf, id=735, 587.26427pt x 312.99384pt>

File: figures/fig_gate_vs_irc_sella_carte_2k.pdf Graphic file (type pdf)
<use figures/fig_gate_vs_irc_sella_carte_2k.pdf>
Package pdftex.def Info: figures/fig_gate_vs_irc_sella_carte_2k.pdf  used on in
put line 381.
(pdftex.def)             Requested size: 235.88676pt x 125.72066pt.
<figures/fig_gate_vs_irc_sella_cart_2k.pdf, id=736, 587.26427pt x 312.99384pt>
File: figures/fig_gate_vs_irc_sella_cart_2k.pdf Graphic file (type pdf)
<use figures/fig_gate_vs_irc_sella_cart_2k.pdf>
Package pdftex.def Info: figures/fig_gate_vs_irc_sella_cart_2k.pdf  used on inp
ut line 386.
(pdftex.def)             Requested size: 235.88676pt x 125.72066pt.
<figures/fig_gate_vs_irc_sella_int_2k.pdf, id=737, 587.26427pt x 312.99384pt>
File: figures/fig_gate_vs_irc_sella_int_2k.pdf Graphic file (type pdf)
<use figures/fig_gate_vs_irc_sella_int_2k.pdf>
Package pdftex.def Info: figures/fig_gate_vs_irc_sella_int_2k.pdf  used on inpu
t line 391.
(pdftex.def)             Requested size: 235.88676pt x 125.72066pt.
 [9

 <./figures/fig_gate_vs_irc_gad_eckart.pdf> <./figures/fig_gate_vs_irc_gad_no_e
ckart.pdf> <./figures/fig_gate_vs_irc_sella_carte_2k.pdf> <./figures/fig_gate_v
s_irc_sella_cart_2k.pdf> <./figures/fig_gate_vs_irc_sella_int_2k.pdf>] [10

] [11]
<figures/fig_sella_allep_bars_rmsd.pdf, id=1022, 530.4317pt x 334.28061pt>
File: figures/fig_sella_allep_bars_rmsd.pdf Graphic file (type pdf)
<use figures/fig_sella_allep_bars_rmsd.pdf>
Package pdftex.def Info: figures/fig_sella_allep_bars_rmsd.pdf  used on input l
ine 458.
(pdftex.def)             Requested size: 235.88676pt x 148.65494pt.
<figures/fig_gad_noeck_new_bars_rmsd.pdf, id=1023, 530.4317pt x 334.28061pt>
File: figures/fig_gad_noeck_new_bars_rmsd.pdf Graphic file (type pdf)
<use figures/fig_gad_noeck_new_bars_rmsd.pdf>
Package pdftex.def Info: figures/fig_gad_noeck_new_bars_rmsd.pdf  used on input
 line 463.
(pdftex.def)             Requested size: 235.88676pt x 148.65494pt.
<figures/fig_sella_carte_2k_bars_rmsd.pdf, id=1024, 530.4317pt x 334.28061pt>
File: figures/fig_sella_carte_2k_bars_rmsd.pdf Graphic file (type pdf)
<use figures/fig_sella_carte_2k_bars_rmsd.pdf>
Package pdftex.def Info: figures/fig_sella_carte_2k_bars_rmsd.pdf  used on inpu
t line 468.
(pdftex.def)             Requested size: 235.88676pt x 148.65494pt.
<figures/fig_sella_cart_2k_bars_rmsd.pdf, id=1025, 530.4317pt x 334.28061pt>
File: figures/fig_sella_cart_2k_bars_rmsd.pdf Graphic file (type pdf)
<use figures/fig_sella_cart_2k_bars_rmsd.pdf>
Package pdftex.def Info: figures/fig_sella_cart_2k_bars_rmsd.pdf  used on input
 line 473.
(pdftex.def)             Requested size: 235.88676pt x 148.65494pt.
<figures/fig_sella_int_2k_bars_rmsd.pdf, id=1026, 530.4317pt x 334.28061pt>
File: figures/fig_sella_int_2k_bars_rmsd.pdf Graphic file (type pdf)
<use figures/fig_sella_int_2k_bars_rmsd.pdf>
Package pdftex.def Info: figures/fig_sella_int_2k_bars_rmsd.pdf  used on input 
line 478.
(pdftex.def)             Requested size: 235.88676pt x 148.65494pt.
<figures/fig_sella_allep_bars_endpoint.pdf, id=1027, 530.4317pt x 334.28061pt>
File: figures/fig_sella_allep_bars_endpoint.pdf Graphic file (type pdf)
<use figures/fig_sella_allep_bars_endpoint.pdf>
Package pdftex.def Info: figures/fig_sella_allep_bars_endpoint.pdf  used on inp
ut line 488.
(pdftex.def)             Requested size: 235.88676pt x 148.65494pt.
<figures/fig_gad_noeck_new_bars_endpoint.pdf, id=1028, 530.4317pt x 334.28061pt
>
File: figures/fig_gad_noeck_new_bars_endpoint.pdf Graphic file (type pdf)
<use figures/fig_gad_noeck_new_bars_endpoint.pdf>
Package pdftex.def Info: figures/fig_gad_noeck_new_bars_endpoint.pdf  used on i
nput line 493.
(pdftex.def)             Requested size: 235.88676pt x 148.65494pt.
<figures/fig_sella_carte_2k_bars_endpoint.pdf, id=1029, 530.4317pt x 334.28061p
t>
File: figures/fig_sella_carte_2k_bars_endpoint.pdf Graphic file (type pdf)
<use figures/fig_sella_carte_2k_bars_endpoint.pdf>
Package pdftex.def Info: figures/fig_sella_carte_2k_bars_endpoint.pdf  used on 
input line 498.
(pdftex.def)             Requested size: 235.88676pt x 148.65494pt.
<figures/fig_sella_cart_2k_bars_endpoint.pdf, id=1030, 530.4317pt x 334.28061pt
>
File: figures/fig_sella_cart_2k_bars_endpoint.pdf Graphic file (type pdf)
<use figures/fig_sella_cart_2k_bars_endpoint.pdf>
Package pdftex.def Info: figures/fig_sella_cart_2k_bars_endpoint.pdf  used on i
nput line 503.
(pdftex.def)             Requested size: 235.88676pt x 148.65494pt.
<figures/fig_sella_int_2k_bars_endpoint.pdf, id=1031, 530.4317pt x 334.28061pt>

File: figures/fig_sella_int_2k_bars_endpoint.pdf Graphic file (type pdf)
<use figures/fig_sella_int_2k_bars_endpoint.pdf>
Package pdftex.def Info: figures/fig_sella_int_2k_bars_endpoint.pdf  used on in
put line 508.
(pdftex.def)             Requested size: 235.88676pt x 148.65494pt.
 [12

 <./figures/fig_sella_allep_bars_rmsd.pdf> <./figures/fig_gad_noeck_new_bars_rm
sd.pdf> <./figures/fig_sella_carte_2k_bars_rmsd.pdf> <./figures/fig_sella_cart_
2k_bars_rmsd.pdf> <./figures/fig_sella_int_2k_bars_rmsd.pdf>] [13 <./figures/fi
g_sella_allep_bars_endpoint.pdf> <./figures/fig_gad_noeck_new_bars_endpoint.pdf
> <./figures/fig_sella_carte_2k_bars_endpoint.pdf> <./figures/fig_sella_cart_2k
_bars_endpoint.pdf> <./figures/fig_sella_int_2k_bars_endpoint.pdf>]
<figures/fig_cmp_irc_topo_all_classes_5methods.pdf, id=1644, 837.70515pt x 407.
59528pt>
File: figures/fig_cmp_irc_topo_all_classes_5methods.pdf Graphic file (type pdf)

<use figures/fig_cmp_irc_topo_all_classes_5methods.pdf>
Package pdftex.def Info: figures/fig_cmp_irc_topo_all_classes_5methods.pdf  use
d on input line 525.
(pdftex.def)             Requested size: 466.86188pt x 227.15718pt.
<figures/fig_cmp_irc_rmsd_all_classes_5methods.pdf, id=1645, 837.70515pt x 407.
59528pt>
File: figures/fig_cmp_irc_rmsd_all_classes_5methods.pdf Graphic file (type pdf)

<use figures/fig_cmp_irc_rmsd_all_classes_5methods.pdf>
Package pdftex.def Info: figures/fig_cmp_irc_rmsd_all_classes_5methods.pdf  use
d on input line 534.
(pdftex.def)             Requested size: 466.86188pt x 227.15718pt.
 [14

 <./figures/fig_cmp_irc_topo_all_classes_5methods.pdf> <./figures/fig_cmp_irc_r
msd_all_classes_5methods.pdf>]
Overfull \hbox (77.54883pt too wide) in paragraph at lines 549--553
[]\OT1/cmr/m/n/10.95 Fix: \OT1/cmtt/m/n/10.95 src/gadplus/search/irc[]sella[]hi
p.py::[]force[]first[]kick \OT1/cmr/m/n/10.95 monkey-patches \OT1/cmtt/m/n/10.9
5 converged\OT1/cmr/m/n/10.95 , \OT1/cmtt/m/n/10.95 gradient[]converged\OT1/cmr
/m/n/10.95 ,
 []

[15

] (./IRC_COMPREHENSIVE_2026-04-20.aux)
Package rerunfilecheck Info: File `IRC_COMPREHENSIVE_2026-04-20.out' has not ch
anged.
(rerunfilecheck)             Checksum: DB0F5D197AB95FEEDCCBB46F2F8C5882;2970.
 ) 
Here is how much of TeX's memory you used:
 11931 strings out of 480884
 190366 string characters out of 5900692
 485631 words of memory out of 5000000
 28919 multiletter control sequences out of 15000+600000
 420650 words of font info for 91 fonts, out of 8000000 for 9000
 36 hyphenation exceptions out of 8191
 71i,11n,74p,620b,546s stack positions out of 5000i,500n,10000p,200000b,80000s
{/cvmfs/soft.computecanada.ca/gentoo/2023/x86-64-v3/usr/share/texmf-dist/font
s/enc/dvips/cm-super/cm-super-ts1.enc}</cvmfs/soft.computecanada.ca/gentoo/2023
/x86-64-v3/usr/share/texmf-dist/fonts/type1/public/amsfonts/cm/cmbx10.pfb></cvm
fs/soft.computecanada.ca/gentoo/2023/x86-64-v3/usr/share/texmf-dist/fonts/type1
/public/amsfonts/cm/cmbx12.pfb></cvmfs/soft.computecanada.ca/gentoo/2023/x86-64
-v3/usr/share/texmf-dist/fonts/type1/public/amsfonts/cm/cmbx9.pfb></cvmfs/soft.
computecanada.ca/gentoo/2023/x86-64-v3/usr/share/texmf-dist/fonts/type1/public/
amsfonts/cm/cmbxti10.pfb></cvmfs/soft.computecanada.ca/gentoo/2023/x86-64-v3/us
r/share/texmf-dist/fonts/type1/public/amsfonts/cm/cmex10.pfb></cvmfs/soft.compu
tecanada.ca/gentoo/2023/x86-64-v3/usr/share/texmf-dist/fonts/type1/public/amsfo
nts/cm/cmmi10.pfb></cvmfs/soft.computecanada.ca/gentoo/2023/x86-64-v3/usr/share
/texmf-dist/fonts/type1/public/amsfonts/cm/cmmi8.pfb></cvmfs/soft.computecanada
.ca/gentoo/2023/x86-64-v3/usr/share/texmf-dist/fonts/type1/public/amsfonts/cm/c
mmi9.pfb></cvmfs/soft.computecanada.ca/gentoo/2023/x86-64-v3/usr/share/texmf-di
st/fonts/type1/public/amsfonts/cm/cmmib10.pfb></cvmfs/soft.computecanada.ca/gen
too/2023/x86-64-v3/usr/share/texmf-dist/fonts/type1/public/amsfonts/cm/cmr10.pf
b></cvmfs/soft.computecanada.ca/gentoo/2023/x86-64-v3/usr/share/texmf-dist/font
s/type1/public/amsfonts/cm/cmr6.pfb></cvmfs/soft.computecanada.ca/gentoo/2023/x
86-64-v3/usr/share/texmf-dist/fonts/type1/public/amsfonts/cm/cmr7.pfb></cvmfs/s
oft.computecanada.ca/gentoo/2023/x86-64-v3/usr/share/texmf-dist/fonts/type1/pub
lic/amsfonts/cm/cmr8.pfb></cvmfs/soft.computecanada.ca/gentoo/2023/x86-64-v3/us
r/share/texmf-dist/fonts/type1/public/amsfonts/cm/cmr9.pfb></cvmfs/soft.compute
canada.ca/gentoo/2023/x86-64-v3/usr/share/texmf-dist/fonts/type1/public/amsfont
s/cm/cmsy10.pfb></cvmfs/soft.computecanada.ca/gentoo/2023/x86-64-v3/usr/share/t
exmf-dist/fonts/type1/public/amsfonts/cm/cmsy9.pfb></cvmfs/soft.computecanada.c
a/gentoo/2023/x86-64-v3/usr/share/texmf-dist/fonts/type1/public/amsfonts/cm/cmt
i10.pfb></cvmfs/soft.computecanada.ca/gentoo/2023/x86-64-v3/usr/share/texmf-dis
t/fonts/type1/public/amsfonts/cm/cmtt10.pfb></cvmfs/soft.computecanada.ca/gento
o/2023/x86-64-v3/usr/share/texmf-dist/fonts/type1/public/amsfonts/cm/cmtt9.pfb>
</cvmfs/soft.computecanada.ca/gentoo/2023/x86-64-v3/usr/share/texmf-dist/fonts/
type1/public/cm-super/sfrm0900.pfb></cvmfs/soft.computecanada.ca/gentoo/2023/x8
6-64-v3/usr/share/texmf-dist/fonts/type1/public/cm-super/sfrm1000.pfb></cvmfs/s
oft.computecanada.ca/gentoo/2023/x86-64-v3/usr/share/texmf-dist/fonts/type1/pub
lic/cm-super/sfrm1095.pfb>
Output written on IRC_COMPREHENSIVE_2026-04-20.pdf (15 pages, 712245 bytes).
PDF statistics:
 1865 PDF objects out of 2073 (max. 8388607)
 457 compressed objects within 5 object streams
 50 named destinations out of 1000 (max. 500000)
 274 words of extra memory for PDF output out of 10000 (max. 10000000)

