This is pdfTeX, Version 3.141592653-2.6-1.40.22 (TeX Live 2021 Gentoo Linux) (preloaded format=pdflatex 2023.8.23)  16 APR 2026 22:16
entering extended mode
 restricted \write18 enabled.
 %&-line parsing enabled.
**IRC_RESULTS_2026-04-16.tex
(./IRC_RESULTS_2026-04-16.tex
LaTeX2e <2020-10-01> patch level 4
L3 programming layer <2021-02-18>
(/cvmfs/soft.computecanada.ca/gentoo/2023/x86-64-v3/usr/share/texmf-dist/tex/la
tex/base/article.cls
Document Class: article 2020/04/10 v1.4m Standard LaTeX document class

(/cvmfs/soft.computecanada.ca/gentoo/2023/x86-64-v3/usr/share/texmf-dist/tex/la
tex/base/size11.clo
File: size11.clo 2020/04/10 v1.4m Standard LaTeX file (size option)
)
\c@part=\count179
\c@section=\count180
\c@subsection=\count181
\c@subsubsection=\count182
\c@paragraph=\count183
\c@subparagraph=\count184
\c@figure=\count185
\c@table=\count186
\abovecaptionskip=\skip47
\belowcaptionskip=\skip48
\bibindent=\dimen138
)
(/cvmfs/soft.computecanada.ca/gentoo/2023/x86-64-v3/usr/share/texmf-dist/tex/la
tex/geometry/geometry.sty
Package: geometry 2020/01/02 v5.9 Page Geometry

(/cvmfs/soft.computecanada.ca/gentoo/2023/x86-64-v3/usr/share/texmf-dist/tex/la
tex/graphics/keyval.sty
Package: keyval 2014/10/28 v1.15 key=value parser (DPC)
\KV@toks@=\toks15
)
(/cvmfs/soft.computecanada.ca/gentoo/2023/x86-64-v3/usr/share/texmf-dist/tex/ge
neric/iftex/ifvtex.sty
Package: ifvtex 2019/10/25 v1.7 ifvtex legacy package. Use iftex instead.

(/cvmfs/soft.computecanada.ca/gentoo/2023/x86-64-v3/usr/share/texmf-dist/tex/ge
neric/iftex/iftex.sty
Package: iftex 2020/03/06 v1.0d TeX engine tests
))
\Gm@cnth=\count187
\Gm@cntv=\count188
\c@Gm@tempcnt=\count189
\Gm@bindingoffset=\dimen139
\Gm@wd@mp=\dimen140
\Gm@odd@mp=\dimen141
\Gm@even@mp=\dimen142
\Gm@layoutwidth=\dimen143
\Gm@layoutheight=\dimen144
\Gm@layouthoffset=\dimen145
\Gm@layoutvoffset=\dimen146
\Gm@dimlist=\toks16
)
(/cvmfs/soft.computecanada.ca/gentoo/2023/x86-64-v3/usr/share/texmf-dist/tex/la
tex/booktabs/booktabs.sty
Package: booktabs 2020/01/12 v1.61803398 Publication quality tables
\heavyrulewidth=\dimen147
\lightrulewidth=\dimen148
\cmidrulewidth=\dimen149
\belowrulesep=\dimen150
\belowbottomsep=\dimen151
\aboverulesep=\dimen152
\abovetopsep=\dimen153
\cmidrulesep=\dimen154
\cmidrulekern=\dimen155
\defaultaddspace=\dimen156
\@cmidla=\count190
\@cmidlb=\count191
\@aboverulesep=\dimen157
\@belowrulesep=\dimen158
\@thisruleclass=\count192
\@lastruleclass=\count193
\@thisrulewidth=\dimen159
)
(/cvmfs/soft.computecanada.ca/gentoo/2023/x86-64-v3/usr/share/texmf-dist/tex/la
tex/tools/array.sty
Package: array 2020/10/01 v2.5c Tabular extension package (FMi)
\col@sep=\dimen160
\ar@mcellbox=\box47
\extrarowheight=\dimen161
\NC@list=\toks17
\extratabsurround=\skip49
\backup@length=\skip50
\ar@cellbox=\box48
)
(/cvmfs/soft.computecanada.ca/gentoo/2023/x86-64-v3/usr/share/texmf-dist/tex/la
tex/amsmath/amsmath.sty
Package: amsmath 2020/09/23 v2.17i AMS math features
\@mathmargin=\skip51

For additional information on amsmath, use the `?' option.

(/cvmfs/soft.computecanada.ca/gentoo/2023/x86-64-v3/usr/share/texmf-dist/tex/la
tex/amsmath/amstext.sty
Package: amstext 2000/06/29 v2.01 AMS text

(/cvmfs/soft.computecanada.ca/gentoo/2023/x86-64-v3/usr/share/texmf-dist/tex/la
tex/amsmath/amsgen.sty
File: amsgen.sty 1999/11/30 v2.0 generic functions
\@emptytoks=\toks18
\ex@=\dimen162
))
(/cvmfs/soft.computecanada.ca/gentoo/2023/x86-64-v3/usr/share/texmf-dist/tex/la
tex/amsmath/amsbsy.sty
Package: amsbsy 1999/11/29 v1.2d Bold Symbols
\pmbraise@=\dimen163
)
(/cvmfs/soft.computecanada.ca/gentoo/2023/x86-64-v3/usr/share/texmf-dist/tex/la
tex/amsmath/amsopn.sty
Package: amsopn 2016/03/08 v2.02 operator names
)
\inf@bad=\count194
LaTeX Info: Redefining \frac on input line 234.
\uproot@=\count195
\leftroot@=\count196
LaTeX Info: Redefining \overline on input line 399.
\classnum@=\count197
\DOTSCASE@=\count198
LaTeX Info: Redefining \ldots on input line 496.
LaTeX Info: Redefining \dots on input line 499.
LaTeX Info: Redefining \cdots on input line 620.
\Mathstrutbox@=\box49
\strutbox@=\box50
\big@size=\dimen164
LaTeX Font Info:    Redeclaring font encoding OML on input line 743.
LaTeX Font Info:    Redeclaring font encoding OMS on input line 744.
\macc@depth=\count199
\c@MaxMatrixCols=\count266
\dotsspace@=\muskip16
\c@parentequation=\count267
\dspbrk@lvl=\count268
\tag@help=\toks19
\row@=\count269
\column@=\count270
\maxfields@=\count271
\andhelp@=\toks20
\eqnshift@=\dimen165
\alignsep@=\dimen166
\tagshift@=\dimen167
\tagwidth@=\dimen168
\totwidth@=\dimen169
\lineht@=\dimen170
\@envbody=\toks21
\multlinegap=\skip52
\multlinetaggap=\skip53
\mathdisplay@stack=\toks22
LaTeX Info: Redefining \[ on input line 2923.
LaTeX Info: Redefining \] on input line 2924.
)
(/cvmfs/soft.computecanada.ca/gentoo/2023/x86-64-v3/usr/share/texmf-dist/tex/la
tex/graphics/graphicx.sty
Package: graphicx 2020/09/09 v1.2b Enhanced LaTeX Graphics (DPC,SPQR)

(/cvmfs/soft.computecanada.ca/gentoo/2023/x86-64-v3/usr/share/texmf-dist/tex/la
tex/graphics/graphics.sty
Package: graphics 2020/08/30 v1.4c Standard LaTeX Graphics (DPC,SPQR)

(/cvmfs/soft.computecanada.ca/gentoo/2023/x86-64-v3/usr/share/texmf-dist/tex/la
tex/graphics/trig.sty
Package: trig 2016/01/03 v1.10 sin cos tan (DPC)
)
(/cvmfs/soft.computecanada.ca/gentoo/2023/x86-64-v3/usr/share/texmf-dist/tex/la
tex/graphics-cfg/graphics.cfg
File: graphics.cfg 2016/06/04 v1.11 sample graphics configuration
)
Package graphics Info: Driver file: pdftex.def on input line 105.

(/cvmfs/soft.computecanada.ca/gentoo/2023/x86-64-v3/usr/share/texmf-dist/tex/la
tex/graphics-def/pdftex.def
File: pdftex.def 2020/10/05 v1.2a Graphics/color driver for pdftex
))
\Gin@req@height=\dimen171
\Gin@req@width=\dimen172
)
(/cvmfs/soft.computecanada.ca/gentoo/2023/x86-64-v3/usr/share/texmf-dist/tex/la
tex/caption/caption.sty
Package: caption 2020/10/26 v3.5g Customizing captions (AR)

(/cvmfs/soft.computecanada.ca/gentoo/2023/x86-64-v3/usr/share/texmf-dist/tex/la
tex/caption/caption3.sty
Package: caption3 2020/10/21 v2.2e caption3 kernel (AR)
\captionmargin=\dimen173
\captionmargin@=\dimen174
\captionwidth=\dimen175
\caption@tempdima=\dimen176
\caption@indent=\dimen177
\caption@parindent=\dimen178
\caption@hangindent=\dimen179
Package caption Info: Standard document class detected.
)
\c@caption@flags=\count272
\c@continuedfloat=\count273
)
(/cvmfs/soft.computecanada.ca/gentoo/2023/x86-64-v3/usr/share/texmf-dist/tex/la
tex/enumitem/enumitem.sty
Package: enumitem 2019/06/20 v3.9 Customized lists
\labelindent=\skip54
\enit@outerparindent=\dimen180
\enit@toks=\toks23
\enit@inbox=\box51
\enit@count@id=\count274
\enitdp@description=\count275
)
(/cvmfs/soft.computecanada.ca/gentoo/2023/x86-64-v3/usr/share/texmf-dist/tex/la
tex/xcolor/xcolor.sty
Package: xcolor 2016/05/11 v2.12 LaTeX color extensions (UK)

(/cvmfs/soft.computecanada.ca/gentoo/2023/x86-64-v3/usr/share/texmf-dist/tex/la
tex/graphics-cfg/color.cfg
File: color.cfg 2016/01/02 v1.6 sample color configuration
)
Package xcolor Info: Driver file: pdftex.def on input line 225.
Package xcolor Info: Model `cmy' substituted by `cmy0' on input line 1348.
Package xcolor Info: Model `hsb' substituted by `rgb' on input line 1352.
Package xcolor Info: Model `RGB' extended on input line 1364.
Package xcolor Info: Model `HTML' substituted by `rgb' on input line 1366.
Package xcolor Info: Model `Hsb' substituted by `hsb' on input line 1367.
Package xcolor Info: Model `tHsb' substituted by `hsb' on input line 1368.
Package xcolor Info: Model `HSB' substituted by `hsb' on input line 1369.
Package xcolor Info: Model `Gray' substituted by `gray' on input line 1370.
Package xcolor Info: Model `wave' substituted by `hsb' on input line 1371.
)
(/cvmfs/soft.computecanada.ca/gentoo/2023/x86-64-v3/usr/share/texmf-dist/tex/la
tex/hyperref/hyperref.sty
Package: hyperref 2021-02-27 v7.00k Hypertext links for LaTeX

(/cvmfs/soft.computecanada.ca/gentoo/2023/x86-64-v3/usr/share/texmf-dist/tex/ge
neric/ltxcmds/ltxcmds.sty
Package: ltxcmds 2020-05-10 v1.25 LaTeX kernel commands for general use (HO)
)
(/cvmfs/soft.computecanada.ca/gentoo/2023/x86-64-v3/usr/share/texmf-dist/tex/ge
neric/pdftexcmds/pdftexcmds.sty
Package: pdftexcmds 2020-06-27 v0.33 Utility functions of pdfTeX for LuaTeX (HO
)

(/cvmfs/soft.computecanada.ca/gentoo/2023/x86-64-v3/usr/share/texmf-dist/tex/ge
neric/infwarerr/infwarerr.sty
Package: infwarerr 2019/12/03 v1.5 Providing info/warning/error messages (HO)
)
Package pdftexcmds Info: \pdf@primitive is available.
Package pdftexcmds Info: \pdf@ifprimitive is available.
Package pdftexcmds Info: \pdfdraftmode found.
)
(/cvmfs/soft.computecanada.ca/gentoo/2023/x86-64-v3/usr/share/texmf-dist/tex/ge
neric/kvsetkeys/kvsetkeys.sty
Package: kvsetkeys 2019/12/15 v1.18 Key value parser (HO)
)
(/cvmfs/soft.computecanada.ca/gentoo/2023/x86-64-v3/usr/share/texmf-dist/tex/ge
neric/kvdefinekeys/kvdefinekeys.sty
Package: kvdefinekeys 2019-12-19 v1.6 Define keys (HO)
)
(/cvmfs/soft.computecanada.ca/gentoo/2023/x86-64-v3/usr/share/texmf-dist/tex/ge
neric/pdfescape/pdfescape.sty
Package: pdfescape 2019/12/09 v1.15 Implements pdfTeX's escape features (HO)
)
(/cvmfs/soft.computecanada.ca/gentoo/2023/x86-64-v3/usr/share/texmf-dist/tex/la
tex/hycolor/hycolor.sty
Package: hycolor 2020-01-27 v1.10 Color options for hyperref/bookmark (HO)
)
(/cvmfs/soft.computecanada.ca/gentoo/2023/x86-64-v3/usr/share/texmf-dist/tex/la
tex/letltxmacro/letltxmacro.sty
Package: letltxmacro 2019/12/03 v1.6 Let assignment for LaTeX macros (HO)
)
(/cvmfs/soft.computecanada.ca/gentoo/2023/x86-64-v3/usr/share/texmf-dist/tex/la
tex/auxhook/auxhook.sty
Package: auxhook 2019-12-17 v1.6 Hooks for auxiliary files (HO)
)
(/cvmfs/soft.computecanada.ca/gentoo/2023/x86-64-v3/usr/share/texmf-dist/tex/la
tex/kvoptions/kvoptions.sty
Package: kvoptions 2020-10-07 v3.14 Key value format for package options (HO)
)
\@linkdim=\dimen181
\Hy@linkcounter=\count276
\Hy@pagecounter=\count277

(/cvmfs/soft.computecanada.ca/gentoo/2023/x86-64-v3/usr/share/texmf-dist/tex/la
tex/hyperref/pd1enc.def
File: pd1enc.def 2021-02-27 v7.00k Hyperref: PDFDocEncoding definition (HO)
Now handling font encoding PD1 ...
... no UTF-8 mapping file for font encoding PD1
)
(/cvmfs/soft.computecanada.ca/gentoo/2023/x86-64-v3/usr/share/texmf-dist/tex/la
tex/hyperref/hyperref-langpatches.def
File: hyperref-langpatches.def 2021-02-27 v7.00k Hyperref: patches for babel la
nguages
)
(/cvmfs/soft.computecanada.ca/gentoo/2023/x86-64-v3/usr/share/texmf-dist/tex/ge
neric/intcalc/intcalc.sty
Package: intcalc 2019/12/15 v1.3 Expandable calculations with integers (HO)
)
(/cvmfs/soft.computecanada.ca/gentoo/2023/x86-64-v3/usr/share/texmf-dist/tex/ge
neric/etexcmds/etexcmds.sty
Package: etexcmds 2019/12/15 v1.7 Avoid name clashes with e-TeX commands (HO)
)
\Hy@SavedSpaceFactor=\count278

(/cvmfs/soft.computecanada.ca/gentoo/2023/x86-64-v3/usr/share/texmf-dist/tex/la
tex/hyperref/puenc.def
File: puenc.def 2021-02-27 v7.00k Hyperref: PDF Unicode definition (HO)
Now handling font encoding PU ...
... no UTF-8 mapping file for font encoding PU
)
Package hyperref Info: Hyper figures OFF on input line 4192.
Package hyperref Info: Link nesting OFF on input line 4197.
Package hyperref Info: Hyper index ON on input line 4200.
Package hyperref Info: Plain pages OFF on input line 4207.
Package hyperref Info: Backreferencing OFF on input line 4212.
Package hyperref Info: Implicit mode ON; LaTeX internals redefined.
Package hyperref Info: Bookmarks ON on input line 4445.
\c@Hy@tempcnt=\count279

(/cvmfs/soft.computecanada.ca/gentoo/2023/x86-64-v3/usr/share/texmf-dist/tex/la
tex/url/url.sty
\Urlmuskip=\muskip17
Package: url 2013/09/16  ver 3.4  Verb mode for urls, etc.
)
LaTeX Info: Redefining \url on input line 4804.
\XeTeXLinkMargin=\dimen182

(/cvmfs/soft.computecanada.ca/gentoo/2023/x86-64-v3/usr/share/texmf-dist/tex/ge
neric/bitset/bitset.sty
Package: bitset 2019/12/09 v1.3 Handle bit-vector datatype (HO)

(/cvmfs/soft.computecanada.ca/gentoo/2023/x86-64-v3/usr/share/texmf-dist/tex/ge
neric/bigintcalc/bigintcalc.sty
Package: bigintcalc 2019/12/15 v1.5 Expandable calculations on big integers (HO
)
))
\Fld@menulength=\count280
\Field@Width=\dimen183
\Fld@charsize=\dimen184
Package hyperref Info: Hyper figures OFF on input line 6075.
Package hyperref Info: Link nesting OFF on input line 6080.
Package hyperref Info: Hyper index ON on input line 6083.
Package hyperref Info: backreferencing OFF on input line 6090.
Package hyperref Info: Link coloring OFF on input line 6095.
Package hyperref Info: Link coloring with OCG OFF on input line 6100.
Package hyperref Info: PDF/A mode OFF on input line 6105.
LaTeX Info: Redefining \ref on input line 6145.
LaTeX Info: Redefining \pageref on input line 6149.

(/cvmfs/soft.computecanada.ca/gentoo/2023/x86-64-v3/usr/share/texmf-dist/tex/la
tex/base/atbegshi-ltx.sty
Package: atbegshi-ltx 2020/08/17 v1.0a Emulation of the original atbegshi packa
ge
with kernel methods
)
\Hy@abspage=\count281
\c@Item=\count282
\c@Hfootnote=\count283
)
Package hyperref Info: Driver (autodetected): hpdftex.

(/cvmfs/soft.computecanada.ca/gentoo/2023/x86-64-v3/usr/share/texmf-dist/tex/la
tex/hyperref/hpdftex.def
File: hpdftex.def 2021-02-27 v7.00k Hyperref driver for pdfTeX

(/cvmfs/soft.computecanada.ca/gentoo/2023/x86-64-v3/usr/share/texmf-dist/tex/la
tex/base/atveryend-ltx.sty
Package: atveryend-ltx 2020/08/19 v1.0a Emulation of the original atvery packag
e
with kernel methods
)
\Fld@listcount=\count284
\c@bookmark@seq@number=\count285

(/cvmfs/soft.computecanada.ca/gentoo/2023/x86-64-v3/usr/share/texmf-dist/tex/la
tex/rerunfilecheck/rerunfilecheck.sty
Package: rerunfilecheck 2019/12/05 v1.9 Rerun checks for auxiliary files (HO)

(/cvmfs/soft.computecanada.ca/gentoo/2023/x86-64-v3/usr/share/texmf-dist/tex/ge
neric/uniquecounter/uniquecounter.sty
Package: uniquecounter 2019/12/15 v1.4 Provide unlimited unique counter (HO)
)
Package uniquecounter Info: New unique counter `rerunfilecheck' on input line 2
86.
)
\Hy@SectionHShift=\skip55
)
(/cvmfs/soft.computecanada.ca/gentoo/2023/x86-64-v3/usr/share/texmf-dist/tex/la
tex/l3backend/l3backend-pdftex.def
File: l3backend-pdftex.def 2021-03-18 L3 backend support: PDF output (pdfTeX)
\l__color_backend_stack_int=\count286
\l__pdf_internal_box=\box52
)
No file IRC_RESULTS_2026-04-16.aux.
\openout1 = `IRC_RESULTS_2026-04-16.aux'.

LaTeX Font Info:    Checking defaults for OML/cmm/m/it on input line 19.
LaTeX Font Info:    ... okay on input line 19.
LaTeX Font Info:    Checking defaults for OMS/cmsy/m/n on input line 19.
LaTeX Font Info:    ... okay on input line 19.
LaTeX Font Info:    Checking defaults for OT1/cmr/m/n on input line 19.
LaTeX Font Info:    ... okay on input line 19.
LaTeX Font Info:    Checking defaults for T1/cmr/m/n on input line 19.
LaTeX Font Info:    ... okay on input line 19.
LaTeX Font Info:    Checking defaults for TS1/cmr/m/n on input line 19.
LaTeX Font Info:    ... okay on input line 19.
LaTeX Font Info:    Checking defaults for OMX/cmex/m/n on input line 19.
LaTeX Font Info:    ... okay on input line 19.
LaTeX Font Info:    Checking defaults for U/cmr/m/n on input line 19.
LaTeX Font Info:    ... okay on input line 19.
LaTeX Font Info:    Checking defaults for PD1/pdf/m/n on input line 19.
LaTeX Font Info:    ... okay on input line 19.
LaTeX Font Info:    Checking defaults for PU/pdf/m/n on input line 19.
LaTeX Font Info:    ... okay on input line 19.
*geometry* driver: auto-detecting
*geometry* detected driver: pdftex
*geometry* verbose mode - [ preamble ] result:
* driver: pdftex
* paper: <default>
* layout: <same size as paper>
* layoutoffset:(h,v)=(0.0pt,0.0pt)
* modes: 
* h-part:(L,W,R)=(65.04256pt, 484.20988pt, 65.04256pt)
* v-part:(T,H,B)=(65.04256pt, 664.88487pt, 65.04256pt)
* \paperwidth=614.295pt
* \paperheight=794.96999pt
* \textwidth=484.20988pt
* \textheight=664.88487pt
* \oddsidemargin=-7.22743pt
* \evensidemargin=-7.22743pt
* \topmargin=-44.22743pt
* \headheight=12.0pt
* \headsep=25.0pt
* \topskip=11.0pt
* \footskip=30.0pt
* \marginparwidth=59.0pt
* \marginparsep=10.0pt
* \columnsep=10.0pt
* \skip\footins=10.0pt plus 4.0pt minus 2.0pt
* \hoffset=0.0pt
* \voffset=0.0pt
* \mag=1000
* \@twocolumnfalse
* \@twosidefalse
* \@mparswitchfalse
* \@reversemarginfalse
* (1in=72.27pt=25.4mm, 1cm=28.453pt)


(/cvmfs/soft.computecanada.ca/gentoo/2023/x86-64-v3/usr/share/texmf-dist/tex/co
ntext/base/mkii/supp-pdf.mkii
[Loading MPS to PDF converter (version 2006.09.02).]
\scratchcounter=\count287
\scratchdimen=\dimen185
\scratchbox=\box53
\nofMPsegments=\count288
\nofMParguments=\count289
\everyMPshowfont=\toks24
\MPscratchCnt=\count290
\MPscratchDim=\dimen186
\MPnumerator=\count291
\makeMPintoPDFobject=\count292
\everyMPtoPDFconversion=\toks25
)
(/cvmfs/soft.computecanada.ca/gentoo/2023/x86-64-v3/usr/share/texmf-dist/tex/la
tex/epstopdf-pkg/epstopdf-base.sty
Package: epstopdf-base 2020-01-24 v2.11 Base part for package epstopdf
Package epstopdf-base Info: Redefining graphics rule for `.eps' on input line 4
85.

(/cvmfs/soft.computecanada.ca/gentoo/2023/x86-64-v3/usr/share/texmf-dist/tex/la
tex/latexconfig/epstopdf-sys.cfg
File: epstopdf-sys.cfg 2010/07/13 v1.3 Configuration of (r)epstopdf for TeX Liv
e
))
Package caption Info: Begin \AtBeginDocument code.
Package caption Info: hyperref package is loaded.
Package caption Info: End \AtBeginDocument code.
Package hyperref Info: Link coloring OFF on input line 19.

(/cvmfs/soft.computecanada.ca/gentoo/2023/x86-64-v3/usr/share/texmf-dist/tex/la
tex/hyperref/nameref.sty
Package: nameref 2021-04-02 v2.47 Cross-referencing by name of section

(/cvmfs/soft.computecanada.ca/gentoo/2023/x86-64-v3/usr/share/texmf-dist/tex/la
tex/refcount/refcount.sty
Package: refcount 2019/12/15 v3.6 Data extraction from label references (HO)
)
(/cvmfs/soft.computecanada.ca/gentoo/2023/x86-64-v3/usr/share/texmf-dist/tex/ge
neric/gettitlestring/gettitlestring.sty
Package: gettitlestring 2019/12/15 v1.6 Cleanup title references (HO)
)
\c@section@level=\count293
)
LaTeX Info: Redefining \ref on input line 19.
LaTeX Info: Redefining \pageref on input line 19.
LaTeX Info: Redefining \nameref on input line 19.
\@outlinefile=\write3
\openout3 = `IRC_RESULTS_2026-04-16.out'.


Overfull \hbox (91.80605pt too wide) in paragraph at lines 33--35
[]\OT1/cmr/m/n/10.95 Start from a \OT1/cmtt/m/n/10.95 Transition1x \OT1/cmr/m/n
/10.95 la-beled TS, per-turb by isotropic Gaus-sian noise (6 noise lev-els: 10/
30/50/100/150/200pm). 
 []


Overfull \hbox (28.52444pt too wide) in paragraph at lines 39--41
[]\OT1/cmr/m/n/10.95 Compare for-ward/reverse end-points to la-beled re-ac-tant
/product us-ing element-aware Kab-sch+Hungarian
 []

<figures/fig_sella_rates_vs_noise.pdf, id=4, 474.42242pt x 310.38335pt>
File: figures/fig_sella_rates_vs_noise.pdf Graphic file (type pdf)
<use figures/fig_sella_rates_vs_noise.pdf>
Package pdftex.def Info: figures/fig_sella_rates_vs_noise.pdf  used on input li
ne 74.
(pdftex.def)             Requested size: 484.20988pt x 316.79521pt.

LaTeX Warning: `h' float specifier changed to `ht'.


Overfull \hbox (2.21278pt too wide) in paragraph at lines 85--89
\OT1/cmr/m/n/10.95 For each IRC end-point we re-compute HIP's an-a-lytic Hes-si
an, project out trans-la-tion/rotation (Eckart),
 []

[1

{/cvmfs/soft.computecanada.ca/gentoo/2023/x86-64-v3/var/lib/texmf/fonts/map/pdf
tex/updmap/pdftex.map}]
<figures/fig_sella_endpoint_quality.pdf, id=26, 657.06477pt x 279.9658pt>
File: figures/fig_sella_endpoint_quality.pdf Graphic file (type pdf)
<use figures/fig_sella_endpoint_quality.pdf>
Package pdftex.def Info: figures/fig_sella_endpoint_quality.pdf  used on input 
line 108.
(pdftex.def)             Requested size: 484.20988pt x 206.31279pt.


LaTeX Warning: `h' float specifier changed to `ht'.

[2 <./figures/fig_sella_rates_vs_noise.pdf>]
<figures/fig_sella_rmsd_distributions.pdf, id=98, 620.82881pt x 308.98613pt>
File: figures/fig_sella_rmsd_distributions.pdf Graphic file (type pdf)
<use figures/fig_sella_rmsd_distributions.pdf>
Package pdftex.def Info: figures/fig_sella_rmsd_distributions.pdf  used on inpu
t line 142.
(pdftex.def)             Requested size: 484.20988pt x 240.99406pt.


LaTeX Warning: `h' float specifier changed to `ht'.

[3 <./figures/fig_sella_endpoint_quality.pdf>]
Overfull \hbox (15.34978pt too wide) in paragraph at lines 178--194
 [] 
 []

<figures/fig_sella_systematic_failures.pdf, id=162, 533.96793pt x 294.69975pt>
File: figures/fig_sella_systematic_failures.pdf Graphic file (type pdf)
<use figures/fig_sella_systematic_failures.pdf>
Package pdftex.def Info: figures/fig_sella_systematic_failures.pdf  used on inp
ut line 204.
(pdftex.def)             Requested size: 387.36938pt x 213.80247pt.

LaTeX Warning: `h' float specifier changed to `ht'.

[4 <./figures/fig_sella_rmsd_distributions.pdf>]
<figures/fig_sella_ts_quality_vs_outcome.pdf, id=225, 473.62257pt x 314.41403pt
>
File: figures/fig_sella_ts_quality_vs_outcome.pdf Graphic file (type pdf)
<use figures/fig_sella_ts_quality_vs_outcome.pdf>
Package pdftex.def Info: figures/fig_sella_ts_quality_vs_outcome.pdf  used on i
nput line 244.
(pdftex.def)             Requested size: 484.20988pt x 321.46088pt.


LaTeX Warning: `h' float specifier changed to `ht'.

[5 <./figures/fig_sella_systematic_failures.pdf>] [6 <./figures/fig_sella_ts_qu
ality_vs_outcome.pdf>]
<figures/fig_sella_wall_time.pdf, id=350, 468.03922pt x 279.32278pt>
File: figures/fig_sella_wall_time.pdf Graphic file (type pdf)
<use figures/fig_sella_wall_time.pdf>
Package pdftex.def Info: figures/fig_sella_wall_time.pdf  used on input line 29
3.
(pdftex.def)             Requested size: 484.20988pt x 288.97577pt.
 [7 <./figures/fig_sella_wall_time.pdf>] [8]
(./IRC_RESULTS_2026-04-16.aux)

Package rerunfilecheck Warning: File `IRC_RESULTS_2026-04-16.out' has changed.
(rerunfilecheck)                Rerun to get outlines right
(rerunfilecheck)                or use package `bookmark'.

Package rerunfilecheck Info: Checksums for `IRC_RESULTS_2026-04-16.out':
(rerunfilecheck)             Before: <no file>
(rerunfilecheck)             After:  D41D8CD98F00B204E9800998ECF8427E;0.
 ) 
Here is how much of TeX's memory you used:
 10974 strings out of 480884
 172171 string characters out of 5900692
 479183 words of memory out of 5000000
 28065 multiletter control sequences out of 15000+600000
 412395 words of font info for 58 fonts, out of 8000000 for 9000
 36 hyphenation exceptions out of 8191
 71i,11n,74p,576b,442s stack positions out of 5000i,500n,10000p,200000b,80000s
{/cvmfs/soft.computecanada.ca/gentoo/2023/x86-64-v3/usr/share/texmf-dist/font
s/enc/dvips/cm-super/cm-super-ts1.enc}</cvmfs/soft.computecanada.ca/gentoo/2023
/x86-64-v3/usr/share/texmf-dist/fonts/type1/public/amsfonts/cm/cmbx10.pfb></cvm
fs/soft.computecanada.ca/gentoo/2023/x86-64-v3/usr/share/texmf-dist/fonts/type1
/public/amsfonts/cm/cmbx12.pfb></cvmfs/soft.computecanada.ca/gentoo/2023/x86-64
-v3/usr/share/texmf-dist/fonts/type1/public/amsfonts/cm/cmmi10.pfb></cvmfs/soft
.computecanada.ca/gentoo/2023/x86-64-v3/usr/share/texmf-dist/fonts/type1/public
/amsfonts/cm/cmmi8.pfb></cvmfs/soft.computecanada.ca/gentoo/2023/x86-64-v3/usr/
share/texmf-dist/fonts/type1/public/amsfonts/cm/cmr10.pfb></cvmfs/soft.computec
anada.ca/gentoo/2023/x86-64-v3/usr/share/texmf-dist/fonts/type1/public/amsfonts
/cm/cmr7.pfb></cvmfs/soft.computecanada.ca/gentoo/2023/x86-64-v3/usr/share/texm
f-dist/fonts/type1/public/amsfonts/cm/cmr8.pfb></cvmfs/soft.computecanada.ca/ge
ntoo/2023/x86-64-v3/usr/share/texmf-dist/fonts/type1/public/amsfonts/cm/cmsy10.
pfb></cvmfs/soft.computecanada.ca/gentoo/2023/x86-64-v3/usr/share/texmf-dist/fo
nts/type1/public/amsfonts/cm/cmsy7.pfb></cvmfs/soft.computecanada.ca/gentoo/202
3/x86-64-v3/usr/share/texmf-dist/fonts/type1/public/amsfonts/cm/cmsy8.pfb></cvm
fs/soft.computecanada.ca/gentoo/2023/x86-64-v3/usr/share/texmf-dist/fonts/type1
/public/amsfonts/cm/cmti10.pfb></cvmfs/soft.computecanada.ca/gentoo/2023/x86-64
-v3/usr/share/texmf-dist/fonts/type1/public/amsfonts/cm/cmtt10.pfb></cvmfs/soft
.computecanada.ca/gentoo/2023/x86-64-v3/usr/share/texmf-dist/fonts/type1/public
/cm-super/sfrm1095.pfb>
Output written on IRC_RESULTS_2026-04-16.pdf (8 pages, 273173 bytes).
PDF statistics:
 458 PDF objects out of 1000 (max. 8388607)
 149 compressed objects within 2 object streams
 30 named destinations out of 1000 (max. 500000)
 31 words of extra memory for PDF output out of 10000 (max. 10000000)

