This is pdfTeX, Version 3.141592653-2.6-1.40.22 (TeX Live 2021 Gentoo Linux) (preloaded format=pdflatex 2023.8.23)  28 APR 2026 13:58
entering extended mode
 restricted \write18 enabled.
 %&-line parsing enabled.
**IRC_COMPREHENSIVE_2026-04-28v2.tex
(./IRC_COMPREHENSIVE_2026-04-28v2.tex
LaTeX2e <2020-10-01> patch level 4
L3 programming layer <2021-02-18>
(/cvmfs/soft.computecanada.ca/gentoo/2023/x86-64-v3/usr/share/texmf-dist/tex/la
tex/base/article.cls
Document Class: article 2020/04/10 v1.4m Standard LaTeX document class

(/cvmfs/soft.computecanada.ca/gentoo/2023/x86-64-v3/usr/share/texmf-dist/tex/la
tex/base/size11.clo
File: size11.clo 2020/04/10 v1.4m Standard LaTeX file (size option)
)
\c@part=\count179
\c@section=\count180
\c@subsection=\count181
\c@subsubsection=\count182
\c@paragraph=\count183
\c@subparagraph=\count184
\c@figure=\count185
\c@table=\count186
\abovecaptionskip=\skip47
\belowcaptionskip=\skip48
\bibindent=\dimen138
)
(/cvmfs/soft.computecanada.ca/gentoo/2023/x86-64-v3/usr/share/texmf-dist/tex/la
tex/geometry/geometry.sty
Package: geometry 2020/01/02 v5.9 Page Geometry

(/cvmfs/soft.computecanada.ca/gentoo/2023/x86-64-v3/usr/share/texmf-dist/tex/la
tex/graphics/keyval.sty
Package: keyval 2014/10/28 v1.15 key=value parser (DPC)
\KV@toks@=\toks15
)
(/cvmfs/soft.computecanada.ca/gentoo/2023/x86-64-v3/usr/share/texmf-dist/tex/ge
neric/iftex/ifvtex.sty
Package: ifvtex 2019/10/25 v1.7 ifvtex legacy package. Use iftex instead.

(/cvmfs/soft.computecanada.ca/gentoo/2023/x86-64-v3/usr/share/texmf-dist/tex/ge
neric/iftex/iftex.sty
Package: iftex 2020/03/06 v1.0d TeX engine tests
))
\Gm@cnth=\count187
\Gm@cntv=\count188
\c@Gm@tempcnt=\count189
\Gm@bindingoffset=\dimen139
\Gm@wd@mp=\dimen140
\Gm@odd@mp=\dimen141
\Gm@even@mp=\dimen142
\Gm@layoutwidth=\dimen143
\Gm@layoutheight=\dimen144
\Gm@layouthoffset=\dimen145
\Gm@layoutvoffset=\dimen146
\Gm@dimlist=\toks16
)
(/cvmfs/soft.computecanada.ca/gentoo/2023/x86-64-v3/usr/share/texmf-dist/tex/la
tex/amsmath/amsmath.sty
Package: amsmath 2020/09/23 v2.17i AMS math features
\@mathmargin=\skip49

For additional information on amsmath, use the `?' option.

(/cvmfs/soft.computecanada.ca/gentoo/2023/x86-64-v3/usr/share/texmf-dist/tex/la
tex/amsmath/amstext.sty
Package: amstext 2000/06/29 v2.01 AMS text

(/cvmfs/soft.computecanada.ca/gentoo/2023/x86-64-v3/usr/share/texmf-dist/tex/la
tex/amsmath/amsgen.sty
File: amsgen.sty 1999/11/30 v2.0 generic functions
\@emptytoks=\toks17
\ex@=\dimen147
))
(/cvmfs/soft.computecanada.ca/gentoo/2023/x86-64-v3/usr/share/texmf-dist/tex/la
tex/amsmath/amsbsy.sty
Package: amsbsy 1999/11/29 v1.2d Bold Symbols
\pmbraise@=\dimen148
)
(/cvmfs/soft.computecanada.ca/gentoo/2023/x86-64-v3/usr/share/texmf-dist/tex/la
tex/amsmath/amsopn.sty
Package: amsopn 2016/03/08 v2.02 operator names
)
\inf@bad=\count190
LaTeX Info: Redefining \frac on input line 234.
\uproot@=\count191
\leftroot@=\count192
LaTeX Info: Redefining \overline on input line 399.
\classnum@=\count193
\DOTSCASE@=\count194
LaTeX Info: Redefining \ldots on input line 496.
LaTeX Info: Redefining \dots on input line 499.
LaTeX Info: Redefining \cdots on input line 620.
\Mathstrutbox@=\box47
\strutbox@=\box48
\big@size=\dimen149
LaTeX Font Info:    Redeclaring font encoding OML on input line 743.
LaTeX Font Info:    Redeclaring font encoding OMS on input line 744.
\macc@depth=\count195
\c@MaxMatrixCols=\count196
\dotsspace@=\muskip16
\c@parentequation=\count197
\dspbrk@lvl=\count198
\tag@help=\toks18
\row@=\count199
\column@=\count266
\maxfields@=\count267
\andhelp@=\toks19
\eqnshift@=\dimen150
\alignsep@=\dimen151
\tagshift@=\dimen152
\tagwidth@=\dimen153
\totwidth@=\dimen154
\lineht@=\dimen155
\@envbody=\toks20
\multlinegap=\skip50
\multlinetaggap=\skip51
\mathdisplay@stack=\toks21
LaTeX Info: Redefining \[ on input line 2923.
LaTeX Info: Redefining \] on input line 2924.
)
(/cvmfs/soft.computecanada.ca/gentoo/2023/x86-64-v3/usr/share/texmf-dist/tex/la
tex/amsfonts/amssymb.sty
Package: amssymb 2013/01/14 v3.01 AMS font symbols

(/cvmfs/soft.computecanada.ca/gentoo/2023/x86-64-v3/usr/share/texmf-dist/tex/la
tex/amsfonts/amsfonts.sty
Package: amsfonts 2013/01/14 v3.01 Basic AMSFonts support
\symAMSa=\mathgroup4
\symAMSb=\mathgroup5
LaTeX Font Info:    Redeclaring math symbol \hbar on input line 98.
LaTeX Font Info:    Overwriting math alphabet `\mathfrak' in version `bold'
(Font)                  U/euf/m/n --> U/euf/b/n on input line 106.
))
(/cvmfs/soft.computecanada.ca/gentoo/2023/x86-64-v3/usr/share/texmf-dist/tex/la
tex/graphics/graphicx.sty
Package: graphicx 2020/09/09 v1.2b Enhanced LaTeX Graphics (DPC,SPQR)

(/cvmfs/soft.computecanada.ca/gentoo/2023/x86-64-v3/usr/share/texmf-dist/tex/la
tex/graphics/graphics.sty
Package: graphics 2020/08/30 v1.4c Standard LaTeX Graphics (DPC,SPQR)

(/cvmfs/soft.computecanada.ca/gentoo/2023/x86-64-v3/usr/share/texmf-dist/tex/la
tex/graphics/trig.sty
Package: trig 2016/01/03 v1.10 sin cos tan (DPC)
)
(/cvmfs/soft.computecanada.ca/gentoo/2023/x86-64-v3/usr/share/texmf-dist/tex/la
tex/graphics-cfg/graphics.cfg
File: graphics.cfg 2016/06/04 v1.11 sample graphics configuration
)
Package graphics Info: Driver file: pdftex.def on input line 105.

(/cvmfs/soft.computecanada.ca/gentoo/2023/x86-64-v3/usr/share/texmf-dist/tex/la
tex/graphics-def/pdftex.def
File: pdftex.def 2020/10/05 v1.2a Graphics/color driver for pdftex
))
\Gin@req@height=\dimen156
\Gin@req@width=\dimen157
)
(/cvmfs/soft.computecanada.ca/gentoo/2023/x86-64-v3/usr/share/texmf-dist/tex/la
tex/float/float.sty
Package: float 2001/11/08 v1.3d Float enhancements (AL)
\c@float@type=\count268
\float@exts=\toks22
\float@box=\box49
\@float@everytoks=\toks23
\@floatcapt=\box50
)
(/cvmfs/soft.computecanada.ca/gentoo/2023/x86-64-v3/usr/share/texmf-dist/tex/la
tex/booktabs/booktabs.sty
Package: booktabs 2020/01/12 v1.61803398 Publication quality tables
\heavyrulewidth=\dimen158
\lightrulewidth=\dimen159
\cmidrulewidth=\dimen160
\belowrulesep=\dimen161
\belowbottomsep=\dimen162
\aboverulesep=\dimen163
\abovetopsep=\dimen164
\cmidrulesep=\dimen165
\cmidrulekern=\dimen166
\defaultaddspace=\dimen167
\@cmidla=\count269
\@cmidlb=\count270
\@aboverulesep=\dimen168
\@belowrulesep=\dimen169
\@thisruleclass=\count271
\@lastruleclass=\count272
\@thisrulewidth=\dimen170
)
(/cvmfs/soft.computecanada.ca/gentoo/2023/x86-64-v3/usr/share/texmf-dist/tex/la
tex/caption/caption.sty
Package: caption 2020/10/26 v3.5g Customizing captions (AR)

(/cvmfs/soft.computecanada.ca/gentoo/2023/x86-64-v3/usr/share/texmf-dist/tex/la
tex/caption/caption3.sty
Package: caption3 2020/10/21 v2.2e caption3 kernel (AR)
\captionmargin=\dimen171
\captionmargin@=\dimen172
\captionwidth=\dimen173
\caption@tempdima=\dimen174
\caption@indent=\dimen175
\caption@parindent=\dimen176
\caption@hangindent=\dimen177
Package caption Info: Standard document class detected.
)
\c@caption@flags=\count273
\c@continuedfloat=\count274
Package caption Info: float package is loaded.
)
(/cvmfs/soft.computecanada.ca/gentoo/2023/x86-64-v3/usr/share/texmf-dist/tex/la
tex/caption/subcaption.sty
Package: subcaption 2020/10/07 v1.3j Sub-captions (AR)
\c@subfigure=\count275
\c@subtable=\count276
)
(/cvmfs/soft.computecanada.ca/gentoo/2023/x86-64-v3/usr/share/texmf-dist/tex/la
tex/hyperref/hyperref.sty
Package: hyperref 2021-02-27 v7.00k Hypertext links for LaTeX

(/cvmfs/soft.computecanada.ca/gentoo/2023/x86-64-v3/usr/share/texmf-dist/tex/ge
neric/ltxcmds/ltxcmds.sty
Package: ltxcmds 2020-05-10 v1.25 LaTeX kernel commands for general use (HO)
)
(/cvmfs/soft.computecanada.ca/gentoo/2023/x86-64-v3/usr/share/texmf-dist/tex/ge
neric/pdftexcmds/pdftexcmds.sty
Package: pdftexcmds 2020-06-27 v0.33 Utility functions of pdfTeX for LuaTeX (HO
)

(/cvmfs/soft.computecanada.ca/gentoo/2023/x86-64-v3/usr/share/texmf-dist/tex/ge
neric/infwarerr/infwarerr.sty
Package: infwarerr 2019/12/03 v1.5 Providing info/warning/error messages (HO)
)
Package pdftexcmds Info: \pdf@primitive is available.
Package pdftexcmds Info: \pdf@ifprimitive is available.
Package pdftexcmds Info: \pdfdraftmode found.
)
(/cvmfs/soft.computecanada.ca/gentoo/2023/x86-64-v3/usr/share/texmf-dist/tex/ge
neric/kvsetkeys/kvsetkeys.sty
Package: kvsetkeys 2019/12/15 v1.18 Key value parser (HO)
)
(/cvmfs/soft.computecanada.ca/gentoo/2023/x86-64-v3/usr/share/texmf-dist/tex/ge
neric/kvdefinekeys/kvdefinekeys.sty
Package: kvdefinekeys 2019-12-19 v1.6 Define keys (HO)
)
(/cvmfs/soft.computecanada.ca/gentoo/2023/x86-64-v3/usr/share/texmf-dist/tex/ge
neric/pdfescape/pdfescape.sty
Package: pdfescape 2019/12/09 v1.15 Implements pdfTeX's escape features (HO)
)
(/cvmfs/soft.computecanada.ca/gentoo/2023/x86-64-v3/usr/share/texmf-dist/tex/la
tex/hycolor/hycolor.sty
Package: hycolor 2020-01-27 v1.10 Color options for hyperref/bookmark (HO)
)
(/cvmfs/soft.computecanada.ca/gentoo/2023/x86-64-v3/usr/share/texmf-dist/tex/la
tex/letltxmacro/letltxmacro.sty
Package: letltxmacro 2019/12/03 v1.6 Let assignment for LaTeX macros (HO)
)
(/cvmfs/soft.computecanada.ca/gentoo/2023/x86-64-v3/usr/share/texmf-dist/tex/la
tex/auxhook/auxhook.sty
Package: auxhook 2019-12-17 v1.6 Hooks for auxiliary files (HO)
)
(/cvmfs/soft.computecanada.ca/gentoo/2023/x86-64-v3/usr/share/texmf-dist/tex/la
tex/kvoptions/kvoptions.sty
Package: kvoptions 2020-10-07 v3.14 Key value format for package options (HO)
)
\@linkdim=\dimen178
\Hy@linkcounter=\count277
\Hy@pagecounter=\count278

(/cvmfs/soft.computecanada.ca/gentoo/2023/x86-64-v3/usr/share/texmf-dist/tex/la
tex/hyperref/pd1enc.def
File: pd1enc.def 2021-02-27 v7.00k Hyperref: PDFDocEncoding definition (HO)
Now handling font encoding PD1 ...
... no UTF-8 mapping file for font encoding PD1
)
(/cvmfs/soft.computecanada.ca/gentoo/2023/x86-64-v3/usr/share/texmf-dist/tex/la
tex/hyperref/hyperref-langpatches.def
File: hyperref-langpatches.def 2021-02-27 v7.00k Hyperref: patches for babel la
nguages
)
(/cvmfs/soft.computecanada.ca/gentoo/2023/x86-64-v3/usr/share/texmf-dist/tex/ge
neric/intcalc/intcalc.sty
Package: intcalc 2019/12/15 v1.3 Expandable calculations with integers (HO)
)
(/cvmfs/soft.computecanada.ca/gentoo/2023/x86-64-v3/usr/share/texmf-dist/tex/ge
neric/etexcmds/etexcmds.sty
Package: etexcmds 2019/12/15 v1.7 Avoid name clashes with e-TeX commands (HO)
)
\Hy@SavedSpaceFactor=\count279

(/cvmfs/soft.computecanada.ca/gentoo/2023/x86-64-v3/usr/share/texmf-dist/tex/la
tex/hyperref/puenc.def
File: puenc.def 2021-02-27 v7.00k Hyperref: PDF Unicode definition (HO)
Now handling font encoding PU ...
... no UTF-8 mapping file for font encoding PU
)
Package hyperref Info: Hyper figures OFF on input line 4192.
Package hyperref Info: Link nesting OFF on input line 4197.
Package hyperref Info: Hyper index ON on input line 4200.
Package hyperref Info: Plain pages OFF on input line 4207.
Package hyperref Info: Backreferencing OFF on input line 4212.
Package hyperref Info: Implicit mode ON; LaTeX internals redefined.
Package hyperref Info: Bookmarks ON on input line 4445.
\c@Hy@tempcnt=\count280

(/cvmfs/soft.computecanada.ca/gentoo/2023/x86-64-v3/usr/share/texmf-dist/tex/la
tex/url/url.sty
\Urlmuskip=\muskip17
Package: url 2013/09/16  ver 3.4  Verb mode for urls, etc.
)
LaTeX Info: Redefining \url on input line 4804.
\XeTeXLinkMargin=\dimen179

(/cvmfs/soft.computecanada.ca/gentoo/2023/x86-64-v3/usr/share/texmf-dist/tex/ge
neric/bitset/bitset.sty
Package: bitset 2019/12/09 v1.3 Handle bit-vector datatype (HO)

(/cvmfs/soft.computecanada.ca/gentoo/2023/x86-64-v3/usr/share/texmf-dist/tex/ge
neric/bigintcalc/bigintcalc.sty
Package: bigintcalc 2019/12/15 v1.5 Expandable calculations on big integers (HO
)
))
\Fld@menulength=\count281
\Field@Width=\dimen180
\Fld@charsize=\dimen181
Package hyperref Info: Hyper figures OFF on input line 6075.
Package hyperref Info: Link nesting OFF on input line 6080.
Package hyperref Info: Hyper index ON on input line 6083.
Package hyperref Info: backreferencing OFF on input line 6090.
Package hyperref Info: Link coloring OFF on input line 6095.
Package hyperref Info: Link coloring with OCG OFF on input line 6100.
Package hyperref Info: PDF/A mode OFF on input line 6105.
LaTeX Info: Redefining \ref on input line 6145.
LaTeX Info: Redefining \pageref on input line 6149.

(/cvmfs/soft.computecanada.ca/gentoo/2023/x86-64-v3/usr/share/texmf-dist/tex/la
tex/base/atbegshi-ltx.sty
Package: atbegshi-ltx 2020/08/17 v1.0a Emulation of the original atbegshi packa
ge
with kernel methods
)
\Hy@abspage=\count282
\c@Item=\count283
\c@Hfootnote=\count284
)
Package hyperref Info: Driver (autodetected): hpdftex.

(/cvmfs/soft.computecanada.ca/gentoo/2023/x86-64-v3/usr/share/texmf-dist/tex/la
tex/hyperref/hpdftex.def
File: hpdftex.def 2021-02-27 v7.00k Hyperref driver for pdfTeX

(/cvmfs/soft.computecanada.ca/gentoo/2023/x86-64-v3/usr/share/texmf-dist/tex/la
tex/base/atveryend-ltx.sty
Package: atveryend-ltx 2020/08/19 v1.0a Emulation of the original atvery packag
e
with kernel methods
)
\Fld@listcount=\count285
\c@bookmark@seq@number=\count286

(/cvmfs/soft.computecanada.ca/gentoo/2023/x86-64-v3/usr/share/texmf-dist/tex/la
tex/rerunfilecheck/rerunfilecheck.sty
Package: rerunfilecheck 2019/12/05 v1.9 Rerun checks for auxiliary files (HO)

(/cvmfs/soft.computecanada.ca/gentoo/2023/x86-64-v3/usr/share/texmf-dist/tex/ge
neric/uniquecounter/uniquecounter.sty
Package: uniquecounter 2019/12/15 v1.4 Provide unlimited unique counter (HO)
)
Package uniquecounter Info: New unique counter `rerunfilecheck' on input line 2
86.
)
\Hy@SectionHShift=\skip52
)
(/cvmfs/soft.computecanada.ca/gentoo/2023/x86-64-v3/usr/share/texmf-dist/tex/la
tex/enumitem/enumitem.sty
Package: enumitem 2019/06/20 v3.9 Customized lists
\labelindent=\skip53
\enit@outerparindent=\dimen182
\enit@toks=\toks24
\enit@inbox=\box51
\enit@count@id=\count287
\enitdp@description=\count288
)
(/cvmfs/soft.computecanada.ca/gentoo/2023/x86-64-v3/usr/share/texmf-dist/tex/la
tex/xcolor/xcolor.sty
Package: xcolor 2016/05/11 v2.12 LaTeX color extensions (UK)

(/cvmfs/soft.computecanada.ca/gentoo/2023/x86-64-v3/usr/share/texmf-dist/tex/la
tex/graphics-cfg/color.cfg
File: color.cfg 2016/01/02 v1.6 sample color configuration
)
Package xcolor Info: Driver file: pdftex.def on input line 225.
Package xcolor Info: Model `cmy' substituted by `cmy0' on input line 1348.
Package xcolor Info: Model `hsb' substituted by `rgb' on input line 1352.
Package xcolor Info: Model `RGB' extended on input line 1364.
Package xcolor Info: Model `HTML' substituted by `rgb' on input line 1366.
Package xcolor Info: Model `Hsb' substituted by `hsb' on input line 1367.
Package xcolor Info: Model `tHsb' substituted by `hsb' on input line 1368.
Package xcolor Info: Model `HSB' substituted by `hsb' on input line 1369.
Package xcolor Info: Model `Gray' substituted by `gray' on input line 1370.
Package xcolor Info: Model `wave' substituted by `hsb' on input line 1371.
)
Package hyperref Info: Option `colorlinks' set `true' on input line 12.

(/cvmfs/soft.computecanada.ca/gentoo/2023/x86-64-v3/usr/share/texmf-dist/tex/la
tex/l3backend/l3backend-pdftex.def
File: l3backend-pdftex.def 2021-03-18 L3 backend support: PDF output (pdfTeX)
\l__color_backend_stack_int=\count289
\l__pdf_internal_box=\box52
) (./IRC_COMPREHENSIVE_2026-04-28v2.aux)
\openout1 = `IRC_COMPREHENSIVE_2026-04-28v2.aux'.

LaTeX Font Info:    Checking defaults for OML/cmm/m/it on input line 20.
LaTeX Font Info:    ... okay on input line 20.
LaTeX Font Info:    Checking defaults for OMS/cmsy/m/n on input line 20.
LaTeX Font Info:    ... okay on input line 20.
LaTeX Font Info:    Checking defaults for OT1/cmr/m/n on input line 20.
LaTeX Font Info:    ... okay on input line 20.
LaTeX Font Info:    Checking defaults for T1/cmr/m/n on input line 20.
LaTeX Font Info:    ... okay on input line 20.
LaTeX Font Info:    Checking defaults for TS1/cmr/m/n on input line 20.
LaTeX Font Info:    ... okay on input line 20.
LaTeX Font Info:    Checking defaults for OMX/cmex/m/n on input line 20.
LaTeX Font Info:    ... okay on input line 20.
LaTeX Font Info:    Checking defaults for U/cmr/m/n on input line 20.
LaTeX Font Info:    ... okay on input line 20.
LaTeX Font Info:    Checking defaults for PD1/pdf/m/n on input line 20.
LaTeX Font Info:    ... okay on input line 20.
LaTeX Font Info:    Checking defaults for PU/pdf/m/n on input line 20.
LaTeX Font Info:    ... okay on input line 20.

*geometry* driver: auto-detecting
*geometry* detected driver: pdftex
*geometry* verbose mode - [ preamble ] result:
* driver: pdftex
* paper: <default>
* layout: <same size as paper>
* layoutoffset:(h,v)=(0.0pt,0.0pt)
* modes: 
* h-part:(L,W,R)=(72.26999pt, 469.75502pt, 72.26999pt)
* v-part:(T,H,B)=(72.26999pt, 650.43001pt, 72.26999pt)
* \paperwidth=614.295pt
* \paperheight=794.96999pt
* \textwidth=469.75502pt
* \textheight=650.43001pt
* \oddsidemargin=0.0pt
* \evensidemargin=0.0pt
* \topmargin=-37.0pt
* \headheight=12.0pt
* \headsep=25.0pt
* \topskip=11.0pt
* \footskip=30.0pt
* \marginparwidth=59.0pt
* \marginparsep=10.0pt
* \columnsep=10.0pt
* \skip\footins=10.0pt plus 4.0pt minus 2.0pt
* \hoffset=0.0pt
* \voffset=0.0pt
* \mag=1000
* \@twocolumnfalse
* \@twosidefalse
* \@mparswitchfalse
* \@reversemarginfalse
* (1in=72.27pt=25.4mm, 1cm=28.453pt)


(/cvmfs/soft.computecanada.ca/gentoo/2023/x86-64-v3/usr/share/texmf-dist/tex/co
ntext/base/mkii/supp-pdf.mkii
[Loading MPS to PDF converter (version 2006.09.02).]
\scratchcounter=\count290
\scratchdimen=\dimen183
\scratchbox=\box53
\nofMPsegments=\count291
\nofMParguments=\count292
\everyMPshowfont=\toks25
\MPscratchCnt=\count293
\MPscratchDim=\dimen184
\MPnumerator=\count294
\makeMPintoPDFobject=\count295
\everyMPtoPDFconversion=\toks26
)
(/cvmfs/soft.computecanada.ca/gentoo/2023/x86-64-v3/usr/share/texmf-dist/tex/la
tex/epstopdf-pkg/epstopdf-base.sty
Package: epstopdf-base 2020-01-24 v2.11 Base part for package epstopdf
Package epstopdf-base Info: Redefining graphics rule for `.eps' on input line 4
85.

(/cvmfs/soft.computecanada.ca/gentoo/2023/x86-64-v3/usr/share/texmf-dist/tex/la
tex/latexconfig/epstopdf-sys.cfg
File: epstopdf-sys.cfg 2010/07/13 v1.3 Configuration of (r)epstopdf for TeX Liv
e
))
Package caption Info: Begin \AtBeginDocument code.
Package caption Info: hyperref package is loaded.
Package caption Info: End \AtBeginDocument code.
Package hyperref Info: Link coloring ON on input line 20.

(/cvmfs/soft.computecanada.ca/gentoo/2023/x86-64-v3/usr/share/texmf-dist/tex/la
tex/hyperref/nameref.sty
Package: nameref 2021-04-02 v2.47 Cross-referencing by name of section

(/cvmfs/soft.computecanada.ca/gentoo/2023/x86-64-v3/usr/share/texmf-dist/tex/la
tex/refcount/refcount.sty
Package: refcount 2019/12/15 v3.6 Data extraction from label references (HO)
)
(/cvmfs/soft.computecanada.ca/gentoo/2023/x86-64-v3/usr/share/texmf-dist/tex/ge
neric/gettitlestring/gettitlestring.sty
Package: gettitlestring 2019/12/15 v1.6 Cleanup title references (HO)
)
\c@section@level=\count296
)
LaTeX Info: Redefining \ref on input line 20.
LaTeX Info: Redefining \pageref on input line 20.
LaTeX Info: Redefining \nameref on input line 20.
 (./IRC_COMPREHENSIVE_2026-04-28v2.out) (./IRC_COMPREHENSIVE_2026-04-28v2.out)
\@outlinefile=\write3
\openout3 = `IRC_COMPREHENSIVE_2026-04-28v2.out'.

LaTeX Font Info:    Trying to load font information for U+msa on input line 22.


(/cvmfs/soft.computecanada.ca/gentoo/2023/x86-64-v3/usr/share/texmf-dist/tex/la
tex/amsfonts/umsa.fd
File: umsa.fd 2013/01/14 v3.01 AMS symbols A
)
LaTeX Font Info:    Trying to load font information for U+msb on input line 22.


(/cvmfs/soft.computecanada.ca/gentoo/2023/x86-64-v3/usr/share/texmf-dist/tex/la
tex/amsfonts/umsb.fd
File: umsb.fd 2013/01/14 v3.01 AMS symbols B
) (./IRC_COMPREHENSIVE_2026-04-28v2.toc)
\tf@toc=\write4
\openout4 = `IRC_COMPREHENSIVE_2026-04-28v2.toc'.

 [1

{/cvmfs/soft.computecanada.ca/gentoo/2023/x86-64-v3/var/lib/texmf/fonts/map/pdf
tex/updmap/pdftex.map}]
<figures/fig_cmp_conv_3m_v2.pdf, id=55, 503.39943pt x 312.99384pt>
File: figures/fig_cmp_conv_3m_v2.pdf Graphic file (type pdf)
<use figures/fig_cmp_conv_3m_v2.pdf>
Package pdftex.def Info: figures/fig_cmp_conv_3m_v2.pdf  used on input line 41.

(pdftex.def)             Requested size: 232.52643pt x 144.57588pt.
<figures/fig_cmp_irc_topo_3m_v2.pdf, id=56, 503.39943pt x 312.99384pt>
File: figures/fig_cmp_irc_topo_3m_v2.pdf Graphic file (type pdf)
<use figures/fig_cmp_irc_topo_3m_v2.pdf>
Package pdftex.def Info: figures/fig_cmp_irc_topo_3m_v2.pdf  used on input line
 46.
(pdftex.def)             Requested size: 232.52643pt x 144.57588pt.
<figures/fig_irc_intended_grouped_3m_v2.pdf, id=57, 699.4318pt x 357.51218pt>
File: figures/fig_irc_intended_grouped_3m_v2.pdf Graphic file (type pdf)
<use figures/fig_irc_intended_grouped_3m_v2.pdf>
Package pdftex.def Info: figures/fig_irc_intended_grouped_3m_v2.pdf  used on in
put line 56.
(pdftex.def)             Requested size: 469.75502pt x 240.12106pt.
 [2 <./figures/fig_cmp_conv_3m_v2.pdf> <./figures/fig_cmp_irc_topo_3m_v2.pdf> <
./figures/fig_irc_intended_grouped_3m_v2.pdf>] [3]
<figures/fig_gad_stepsize_vs_step_v2.pdf, id=234, 929.22095pt x 482.4311pt>
File: figures/fig_gad_stepsize_vs_step_v2.pdf Graphic file (type pdf)
<use figures/fig_gad_stepsize_vs_step_v2.pdf>
Package pdftex.def Info: figures/fig_gad_stepsize_vs_step_v2.pdf  used on input
 line 94.
(pdftex.def)             Requested size: 469.75502pt x 243.89447pt.
 [4 <./figures/fig_gad_stepsize_vs_step_v2.pdf>]

Package hyperref Warning: Token not allowed in a PDF string (Unicode):
(hyperref)                removing `math shift' on input line 106.


Package hyperref Warning: Token not allowed in a PDF string (Unicode):
(hyperref)                removing `math shift' on input line 106.

<figures/fig_sella_tune_grid.pdf, id=273, 531.71776pt x 312.99384pt>
File: figures/fig_sella_tune_grid.pdf Graphic file (type pdf)
<use figures/fig_sella_tune_grid.pdf>
Package pdftex.def Info: figures/fig_sella_tune_grid.pdf  used on input line 11
1.
(pdftex.def)             Requested size: 432.17375pt x 254.40715pt.

Package hyperref Warning: Token not allowed in a PDF string (Unicode):
(hyperref)                removing `math shift' on input line 137.


Package hyperref Warning: Token not allowed in a PDF string (Unicode):
(hyperref)                removing `math shift' on input line 137.

<figures/fig_gad_bigger_dt.pdf, id=275, 531.71776pt x 312.99384pt>
File: figures/fig_gad_bigger_dt.pdf Graphic file (type pdf)
<use figures/fig_gad_bigger_dt.pdf>
Package pdftex.def Info: figures/fig_gad_bigger_dt.pdf  used on input line 148.

(pdftex.def)             Requested size: 432.17375pt x 254.40715pt.
[5 <./figures/fig_sella_tune_grid.pdf>]
LaTeX Font Info:    Trying to load font information for OMS+cmtt on input line 
162.
LaTeX Font Info:    No file OMScmtt.fd. on input line 162.


LaTeX Font Warning: Font shape `OMS/cmtt/m/n' undefined
(Font)              using `OMS/cmsy/m/n' instead
(Font)              for symbol `textbraceleft' on input line 162.

[6 <./figures/fig_gad_bigger_dt.pdf>] (./IRC_COMPREHENSIVE_2026-04-28v2.aux)

LaTeX Font Warning: Some font shapes were not available, defaults substituted.

Package rerunfilecheck Info: File `IRC_COMPREHENSIVE_2026-04-28v2.out' has not 
changed.
(rerunfilecheck)             Checksum: D584CAA621E57B6F7E95EA0946706BBD;1135.
 ) 
Here is how much of TeX's memory you used:
 11584 strings out of 480884
 179892 string characters out of 5900692
 477873 words of memory out of 5000000
 28649 multiletter control sequences out of 15000+600000
 416478 words of font info for 77 fonts, out of 8000000 for 9000
 36 hyphenation exceptions out of 8191
 71i,8n,74p,393b,528s stack positions out of 5000i,500n,10000p,200000b,80000s
{/cvmfs/soft.computecanada.ca/gentoo/2023/x86-64-v3/usr/share/texmf-dist/font
s/enc/dvips/cm-super/cm-super-ts1.enc}</cvmfs/soft.computecanada.ca/gentoo/2023
/x86-64-v3/usr/share/texmf-dist/fonts/type1/public/amsfonts/cm/cmbx10.pfb></cvm
fs/soft.computecanada.ca/gentoo/2023/x86-64-v3/usr/share/texmf-dist/fonts/type1
/public/amsfonts/cm/cmbx12.pfb></cvmfs/soft.computecanada.ca/gentoo/2023/x86-64
-v3/usr/share/texmf-dist/fonts/type1/public/amsfonts/cm/cmbx8.pfb></cvmfs/soft.
computecanada.ca/gentoo/2023/x86-64-v3/usr/share/texmf-dist/fonts/type1/public/
amsfonts/cm/cmbx9.pfb></cvmfs/soft.computecanada.ca/gentoo/2023/x86-64-v3/usr/s
hare/texmf-dist/fonts/type1/public/amsfonts/cm/cmmi10.pfb></cvmfs/soft.computec
anada.ca/gentoo/2023/x86-64-v3/usr/share/texmf-dist/fonts/type1/public/amsfonts
/cm/cmmi12.pfb></cvmfs/soft.computecanada.ca/gentoo/2023/x86-64-v3/usr/share/te
xmf-dist/fonts/type1/public/amsfonts/cm/cmmi9.pfb></cvmfs/soft.computecanada.ca
/gentoo/2023/x86-64-v3/usr/share/texmf-dist/fonts/type1/public/amsfonts/cm/cmr1
0.pfb></cvmfs/soft.computecanada.ca/gentoo/2023/x86-64-v3/usr/share/texmf-dist/
fonts/type1/public/amsfonts/cm/cmr12.pfb></cvmfs/soft.computecanada.ca/gentoo/2
023/x86-64-v3/usr/share/texmf-dist/fonts/type1/public/amsfonts/cm/cmr7.pfb></cv
mfs/soft.computecanada.ca/gentoo/2023/x86-64-v3/usr/share/texmf-dist/fonts/type
1/public/amsfonts/cm/cmr8.pfb></cvmfs/soft.computecanada.ca/gentoo/2023/x86-64-
v3/usr/share/texmf-dist/fonts/type1/public/amsfonts/cm/cmr9.pfb></cvmfs/soft.co
mputecanada.ca/gentoo/2023/x86-64-v3/usr/share/texmf-dist/fonts/type1/public/am
sfonts/cm/cmsy10.pfb></cvmfs/soft.computecanada.ca/gentoo/2023/x86-64-v3/usr/sh
are/texmf-dist/fonts/type1/public/amsfonts/cm/cmsy8.pfb></cvmfs/soft.computecan
ada.ca/gentoo/2023/x86-64-v3/usr/share/texmf-dist/fonts/type1/public/amsfonts/c
m/cmti10.pfb></cvmfs/soft.computecanada.ca/gentoo/2023/x86-64-v3/usr/share/texm
f-dist/fonts/type1/public/amsfonts/cm/cmtt10.pfb></cvmfs/soft.computecanada.ca/
gentoo/2023/x86-64-v3/usr/share/texmf-dist/fonts/type1/public/cm-super/sfrm1095
.pfb>
Output written on IRC_COMPREHENSIVE_2026-04-28v2.pdf (6 pages, 587534 bytes).
PDF statistics:
 446 PDF objects out of 1000 (max. 8388607)
 160 compressed objects within 2 object streams
 21 named destinations out of 1000 (max. 500000)
 87 words of extra memory for PDF output out of 10000 (max. 10000000)

